#
# There is insufficient memory for the Java Runtime Environment to continue.
# Native memory allocation (malloc) failed to allocate 215696 bytes for Chunk::new
# Possible reasons:
#   The system is out of physical RAM or swap space
#   In 32 bit mode, the process size limit was hit
# Possible solutions:
#   Reduce memory load on the system
#   Increase physical memory or swap space
#   Check if swap backing store is full
#   Use 64 bit Java on a 64 bit OS
#   Decrease Java heap size (-Xmx/-Xms)
#   Decrease number of Java threads
#   Decrease Java thread stack sizes (-Xss)
#   Set larger code cache with -XX:ReservedCodeCacheSize=
# This output file may be truncated or incomplete.
#
#  Out of Memory Error (allocation.cpp:390), pid=11168, tid=0x00000000000044c4
#
# JRE version: Java(TM) SE Runtime Environment (8.0_191-b12) (build 1.8.0_191-b12)
# Java VM: Java HotSpot(TM) 64-Bit Server VM (25.191-b12 mixed mode windows-amd64 compressed oops)
# Failed to write core dump. Minidumps are not enabled by default on client versions of Windows
#

---------------  T H R E A D  ---------------

Current thread (0x000000001762a800):  JavaThread "C2 CompilerThread1" daemon [_thread_in_native, id=17604, stack(0x0000000018d70000,0x0000000018e70000)]

Stack: [0x0000000018d70000,0x0000000018e70000]
[error occurred during error reporting (printing stack bounds), id 0xc0000005]

Native frames: (J=compiled Java code, j=interpreted, Vv=VM code, C=native code)


Current CompileTask:
C2:  38392 5357 %     4       application.Install::getTotalStorage @ 22 (207 bytes)


---------------  P R O C E S S  ---------------

Java Threads: ( => current thread )
  0x00000000244c1800 JavaThread "AWT-EventQueue-0" [_thread_blocked, id=17032, stack(0x000000002f700000,0x000000002f800000)]
  0x00000000244c6000 JavaThread "AWT-Windows" daemon [_thread_in_native, id=11056, stack(0x000000002d330000,0x000000002d430000)]
  0x00000000244c3000 JavaThread "AWT-Shutdown" [_thread_blocked, id=6596, stack(0x000000002d230000,0x000000002d330000)]
  0x0000000024980800 JavaThread "Java2D Disposer" daemon [_thread_blocked, id=12520, stack(0x0000000025120000,0x0000000025220000)]
  0x0000000020c83800 JavaThread "Prism Font Disposer" daemon [_thread_blocked, id=6688, stack(0x0000000023650000,0x0000000023750000)]
  0x000000002075e800 JavaThread "JavaFX-Launcher" [_thread_blocked, id=13008, stack(0x0000000021150000,0x0000000021250000)]
  0x00000000206d5000 JavaThread "Thread-2" daemon [_thread_in_native, id=18744, stack(0x0000000021050000,0x0000000021150000)]
  0x0000000019360800 JavaThread "JavaFX Application Thread" [_thread_in_Java, id=4580, stack(0x0000000019ae0000,0x0000000019be0000)]
  0x0000000019367800 JavaThread "Thread-1" daemon [_thread_blocked, id=17168, stack(0x00000000199e0000,0x0000000019ae0000)]
  0x000000001931b800 JavaThread "QuantumRenderer-0" daemon [_thread_blocked, id=11112, stack(0x00000000197c0000,0x00000000198c0000)]
  0x000000001767e800 JavaThread "Service Thread" daemon [_thread_blocked, id=10768, stack(0x0000000019370000,0x0000000019470000)]
  0x000000001762b800 JavaThread "C1 CompilerThread2" daemon [_thread_blocked, id=22812, stack(0x0000000018e70000,0x0000000018f70000)]
=>0x000000001762a800 JavaThread "C2 CompilerThread1" daemon [_thread_in_native, id=17604, stack(0x0000000018d70000,0x0000000018e70000)]
  0x0000000017621800 JavaThread "C2 CompilerThread0" daemon [_thread_blocked, id=18720, stack(0x0000000018c70000,0x0000000018d70000)]
  0x000000001761f800 JavaThread "Attach Listener" daemon [_thread_blocked, id=20000, stack(0x0000000018b70000,0x0000000018c70000)]
  0x000000001761e000 JavaThread "Signal Dispatcher" daemon [_thread_blocked, id=12000, stack(0x0000000018a70000,0x0000000018b70000)]
  0x0000000002b6c000 JavaThread "Finalizer" daemon [_thread_blocked, id=23116, stack(0x0000000018880000,0x0000000018980000)]
  0x0000000002b61000 JavaThread "Reference Handler" daemon [_thread_blocked, id=23240, stack(0x0000000018780000,0x0000000018880000)]
  0x0000000002a72800 JavaThread "main" [_thread_blocked, id=22524, stack(0x0000000002970000,0x0000000002a70000)]

Other Threads:
  0x00000000175e7800 VMThread [stack: 0x0000000018680000,0x0000000018780000] [id=6336]
  0x0000000018fab000 WatcherThread [stack: 0x0000000019470000,0x0000000019570000] [id=19432]

VM state:not at safepoint (normal execution)

VM Mutex/Monitor currently owned by a thread: None

Heap:
 PSYoungGen      total 120320K, used 68457K [0x00000000d6200000, 0x00000000deb80000, 0x0000000100000000)
  eden space 103936K, 65% used [0x00000000d6200000,0x00000000da4aa618,0x00000000dc780000)
  from space 16384K, 1% used [0x00000000ddb80000,0x00000000ddbb0000,0x00000000deb80000)
  to   space 18432K, 0% used [0x00000000dc780000,0x00000000dc780000,0x00000000dd980000)
 ParOldGen       total 71168K, used 41230K [0x0000000082600000, 0x0000000086b80000, 0x00000000d6200000)
  object space 71168K, 57% used [0x0000000082600000,0x0000000084e439c8,0x0000000086b80000)
 Metaspace       used 35046K, capacity 36670K, committed 36992K, reserved 1081344K
  class space    used 4849K, capacity 5148K, committed 5248K, reserved 1048576K

Card table byte_map: [0x0000000011f30000,0x0000000012320000] byte_map_base: 0x0000000011b1d000

Marking Bits: (ParMarkBitMap*) 0x0000000075313e30
 Begin Bits: [0x00000000129c0000, 0x0000000014928000)
 End Bits:   [0x0000000014928000, 0x0000000016890000)

Polling page: 0x00000000027b0000

CodeCache: size=245760Kb used=14178Kb max_used=16686Kb free=231581Kb
 bounds [0x0000000002b70000, 0x0000000003c10000, 0x0000000011b70000]
 total_blobs=5381 nmethods=4499 adapters=793
 compilation: enabled

Compilation events (10 events):
Event: 37.372 Thread 0x000000001762b800 nmethod 5352 0x00000000039d4110 code [0x00000000039d4260, 0x00000000039d4370]
Event: 37.372 Thread 0x000000001762b800 5354       1       java.awt.Component::isMaximumSizeSet (5 bytes)
Event: 37.372 Thread 0x000000001762b800 nmethod 5354 0x00000000039dd950 code [0x00000000039ddaa0, 0x00000000039ddbb0]
Event: 37.372 Thread 0x000000001762b800 5342       3       javax.swing.AbstractAction::getValue (32 bytes)
Event: 37.373 Thread 0x000000001762b800 nmethod 5342 0x0000000002d03cd0 code [0x0000000002d03e60, 0x0000000002d04168]
Event: 38.114 Thread 0x000000001762b800 5355       3       application.Install::getTotalMonth (45 bytes)
Event: 38.115 Thread 0x000000001762b800 nmethod 5355 0x000000000305aad0 code [0x000000000305ac40, 0x000000000305aee8]
Event: 38.130 Thread 0x000000001762b800 5356       3       application.Install::getResourceVariation (65 bytes)
Event: 38.131 Thread 0x000000001762b800 nmethod 5356 0x0000000002dc1e50 code [0x0000000002dc1fe0, 0x0000000002dc23a8]
Event: 38.344 Thread 0x000000001762a800 5357 %     4       application.Install::getTotalStorage @ 22 (207 bytes)

GC Heap History (10 events):
Event: 35.808 GC heap before
{Heap before GC invocations=24 (full 2):
 PSYoungGen      total 122368K, used 105296K [0x00000000d6200000, 0x00000000deb80000, 0x0000000100000000)
  eden space 103936K, 100% used [0x00000000d6200000,0x00000000dc780000,0x00000000dc780000)
  from space 18432K, 7% used [0x00000000dc780000,0x00000000dc8d4250,0x00000000dd980000)
  to   space 16384K, 0% used [0x00000000ddb80000,0x00000000ddb80000,0x00000000deb80000)
 ParOldGen       total 71168K, used 39933K [0x0000000082600000, 0x0000000086b80000, 0x00000000d6200000)
  object space 71168K, 56% used [0x0000000082600000,0x0000000084cff768,0x0000000086b80000)
 Metaspace       used 35012K, capacity 36664K, committed 36992K, reserved 1081344K
  class space    used 4846K, capacity 5147K, committed 5248K, reserved 1048576K
Event: 35.812 GC heap after
Heap after GC invocations=24 (full 2):
 PSYoungGen      total 120320K, used 1392K [0x00000000d6200000, 0x00000000deb80000, 0x0000000100000000)
  eden space 103936K, 0% used [0x00000000d6200000,0x00000000d6200000,0x00000000dc780000)
  from space 16384K, 8% used [0x00000000ddb80000,0x00000000ddcdc250,0x00000000deb80000)
  to   space 18432K, 0% used [0x00000000dc780000,0x00000000dc780000,0x00000000dd980000)
 ParOldGen       total 71168K, used 39933K [0x0000000082600000, 0x0000000086b80000, 0x00000000d6200000)
  object space 71168K, 56% used [0x0000000082600000,0x0000000084cff768,0x0000000086b80000)
 Metaspace       used 35012K, capacity 36664K, committed 36992K, reserved 1081344K
  class space    used 4846K, capacity 5147K, committed 5248K, reserved 1048576K
}
Event: 36.403 GC heap before
{Heap before GC invocations=25 (full 2):
 PSYoungGen      total 120320K, used 105328K [0x00000000d6200000, 0x00000000deb80000, 0x0000000100000000)
  eden space 103936K, 100% used [0x00000000d6200000,0x00000000dc780000,0x00000000dc780000)
  from space 16384K, 8% used [0x00000000ddb80000,0x00000000ddcdc250,0x00000000deb80000)
  to   space 18432K, 0% used [0x00000000dc780000,0x00000000dc780000,0x00000000dd980000)
 ParOldGen       total 71168K, used 39933K [0x0000000082600000, 0x0000000086b80000, 0x00000000d6200000)
  object space 71168K, 56% used [0x0000000082600000,0x0000000084cff768,0x0000000086b80000)
 Metaspace       used 35022K, capacity 36664K, committed 36992K, reserved 1081344K
  class space    used 4847K, capacity 5147K, committed 5248K, reserved 1048576K
Event: 36.682 GC heap after
Heap after GC invocations=25 (full 2):
 PSYoungGen      total 122368K, used 1392K [0x00000000d6200000, 0x00000000deb80000, 0x0000000100000000)
  eden space 103936K, 0% used [0x00000000d6200000,0x00000000d6200000,0x00000000dc780000)
  from space 18432K, 7% used [0x00000000dc780000,0x00000000dc8dc250,0x00000000dd980000)
  to   space 16384K, 0% used [0x00000000ddb80000,0x00000000ddb80000,0x00000000deb80000)
 ParOldGen       total 71168K, used 39933K [0x0000000082600000, 0x0000000086b80000, 0x00000000d6200000)
  object space 71168K, 56% used [0x0000000082600000,0x0000000084cff768,0x0000000086b80000)
 Metaspace       used 35022K, capacity 36664K, committed 36992K, reserved 1081344K
  class space    used 4847K, capacity 5147K, committed 5248K, reserved 1048576K
}
Event: 37.262 GC heap before
{Heap before GC invocations=26 (full 2):
 PSYoungGen      total 122368K, used 105328K [0x00000000d6200000, 0x00000000deb80000, 0x0000000100000000)
  eden space 103936K, 100% used [0x00000000d6200000,0x00000000dc780000,0x00000000dc780000)
  from space 18432K, 7% used [0x00000000dc780000,0x00000000dc8dc250,0x00000000dd980000)
  to   space 16384K, 0% used [0x00000000ddb80000,0x00000000ddb80000,0x00000000deb80000)
 ParOldGen       total 71168K, used 39933K [0x0000000082600000, 0x0000000086b80000, 0x00000000d6200000)
  object space 71168K, 56% used [0x0000000082600000,0x0000000084cff768,0x0000000086b80000)
 Metaspace       used 35022K, capacity 36664K, committed 36992K, reserved 1081344K
  class space    used 4847K, capacity 5147K, committed 5248K, reserved 1048576K
Event: 37.267 GC heap after
Heap after GC invocations=26 (full 2):
 PSYoungGen      total 120320K, used 1104K [0x00000000d6200000, 0x00000000deb80000, 0x0000000100000000)
  eden space 103936K, 0% used [0x00000000d6200000,0x00000000d6200000,0x00000000dc780000)
  from space 16384K, 6% used [0x00000000ddb80000,0x00000000ddc94250,0x00000000deb80000)
  to   space 18432K, 0% used [0x00000000dc780000,0x00000000dc780000,0x00000000dd980000)
 ParOldGen       total 71168K, used 40205K [0x0000000082600000, 0x0000000086b80000, 0x00000000d6200000)
  object space 71168K, 56% used [0x0000000082600000,0x0000000084d43778,0x0000000086b80000)
 Metaspace       used 35022K, capacity 36664K, committed 36992K, reserved 1081344K
  class space    used 4847K, capacity 5147K, committed 5248K, reserved 1048576K
}
Event: 37.805 GC heap before
{Heap before GC invocations=27 (full 2):
 PSYoungGen      total 120320K, used 105040K [0x00000000d6200000, 0x00000000deb80000, 0x0000000100000000)
  eden space 103936K, 100% used [0x00000000d6200000,0x00000000dc780000,0x00000000dc780000)
  from space 16384K, 6% used [0x00000000ddb80000,0x00000000ddc94250,0x00000000deb80000)
  to   space 18432K, 0% used [0x00000000dc780000,0x00000000dc780000,0x00000000dd980000)
 ParOldGen       total 71168K, used 40205K [0x0000000082600000, 0x0000000086b80000, 0x00000000d6200000)
  object space 71168K, 56% used [0x0000000082600000,0x0000000084d43778,0x0000000086b80000)
 Metaspace       used 35045K, capacity 36670K, committed 36992K, reserved 1081344K
  class space    used 4849K, capacity 5148K, committed 5248K, reserved 1048576K
Event: 37.818 GC heap after
Heap after GC invocations=27 (full 2):
 PSYoungGen      total 122368K, used 1168K [0x00000000d6200000, 0x00000000deb80000, 0x0000000100000000)
  eden space 103936K, 0% used [0x00000000d6200000,0x00000000d6200000,0x00000000dc780000)
  from space 18432K, 6% used [0x00000000dc780000,0x00000000dc8a4250,0x00000000dd980000)
  to   space 16384K, 0% used [0x00000000ddb80000,0x00000000ddb80000,0x00000000deb80000)
 ParOldGen       total 71168K, used 40213K [0x0000000082600000, 0x0000000086b80000, 0x00000000d6200000)
  object space 71168K, 56% used [0x0000000082600000,0x0000000084d45778,0x0000000086b80000)
 Metaspace       used 35045K, capacity 36670K, committed 36992K, reserved 1081344K
  class space    used 4849K, capacity 5148K, committed 5248K, reserved 1048576K
}
Event: 38.212 GC heap before
{Heap before GC invocations=28 (full 2):
 PSYoungGen      total 122368K, used 105104K [0x00000000d6200000, 0x00000000deb80000, 0x0000000100000000)
  eden space 103936K, 100% used [0x00000000d6200000,0x00000000dc780000,0x00000000dc780000)
  from space 18432K, 6% used [0x00000000dc780000,0x00000000dc8a4250,0x00000000dd980000)
  to   space 16384K, 0% used [0x00000000ddb80000,0x00000000ddb80000,0x00000000deb80000)
 ParOldGen       total 71168K, used 40213K [0x0000000082600000, 0x0000000086b80000, 0x00000000d6200000)
  object space 71168K, 56% used [0x0000000082600000,0x0000000084d45778,0x0000000086b80000)
 Metaspace       used 35046K, capacity 36670K, committed 36992K, reserved 1081344K
  class space    used 4849K, capacity 5148K, committed 5248K, reserved 1048576K
Event: 38.214 GC heap after
Heap after GC invocations=28 (full 2):
 PSYoungGen      total 120320K, used 192K [0x00000000d6200000, 0x00000000deb80000, 0x0000000100000000)
  eden space 103936K, 0% used [0x00000000d6200000,0x00000000d6200000,0x00000000dc780000)
  from space 16384K, 1% used [0x00000000ddb80000,0x00000000ddbb0000,0x00000000deb80000)
  to   space 18432K, 0% used [0x00000000dc780000,0x00000000dc780000,0x00000000dd980000)
 ParOldGen       total 71168K, used 41230K [0x0000000082600000, 0x0000000086b80000, 0x00000000d6200000)
  object space 71168K, 57% used [0x0000000082600000,0x0000000084e439c8,0x0000000086b80000)
 Metaspace       used 35046K, capacity 36670K, committed 36992K, reserved 1081344K
  class space    used 4849K, capacity 5148K, committed 5248K, reserved 1048576K
}

Deoptimization events (10 events):
Event: 27.369 Thread 0x0000000019360800 Uncommon trap: reason=bimorphic action=maybe_recompile pc=0x000000000393b120 method=java.util.regex.Pattern$Curly.match0(Ljava/util/regex/Matcher;IILjava/lang/CharSequence;)Z @ 141
Event: 27.369 Thread 0x0000000019360800 Uncommon trap: reason=class_check action=maybe_recompile pc=0x000000000393b234 method=java.util.regex.Pattern$Curly.match0(Ljava/util/regex/Matcher;IILjava/lang/CharSequence;)Z @ 170
Event: 27.369 Thread 0x0000000019360800 Uncommon trap: reason=class_check action=maybe_recompile pc=0x000000000393b234 method=java.util.regex.Pattern$Curly.match0(Ljava/util/regex/Matcher;IILjava/lang/CharSequence;)Z @ 170
Event: 27.369 Thread 0x0000000019360800 Uncommon trap: reason=bimorphic action=maybe_recompile pc=0x000000000393b120 method=java.util.regex.Pattern$Curly.match0(Ljava/util/regex/Matcher;IILjava/lang/CharSequence;)Z @ 141
Event: 27.369 Thread 0x0000000019360800 Uncommon trap: reason=bimorphic action=maybe_recompile pc=0x000000000393b120 method=java.util.regex.Pattern$Curly.match0(Ljava/util/regex/Matcher;IILjava/lang/CharSequence;)Z @ 141
Event: 28.201 Thread 0x0000000019360800 Uncommon trap: reason=unstable_if action=reinterpret pc=0x0000000002f3d2d4 method=application.Install.getFullSchedule(Ljava/util/ArrayList;)[Lapplication/Unit; @ 441
Event: 31.904 Thread 0x0000000019360800 Uncommon trap: reason=unstable_if action=reinterpret pc=0x0000000002e5fad0 method=java.lang.AbstractStringBuilder.append(Ljava/lang/String;)Ljava/lang/AbstractStringBuilder; @ 1
Event: 31.906 Thread 0x0000000019360800 Uncommon trap: reason=unstable_if action=reinterpret pc=0x0000000002d86984 method=java.lang.AbstractStringBuilder.append(Ljava/lang/String;)Ljava/lang/AbstractStringBuilder; @ 1
Event: 32.843 Thread 0x0000000019360800 Uncommon trap: reason=unstable_if action=reinterpret pc=0x00000000039b6654 method=sun.util.logging.PlatformLogger.isLoggable(Lsun/util/logging/PlatformLogger$Level;)Z @ 18
Event: 32.938 Thread 0x00000000244c1800 Uncommon trap: reason=unstable_if action=reinterpret pc=0x000000000318ada4 method=java.lang.ThreadLocal.get()Ljava/lang/Object; @ 11

Classes redefined (0 events):
No events

Internal exceptions (10 events):
Event: 33.122 Thread 0x00000000244c1800 Exception <a 'java/lang/UnsatisfiedLinkError'> (0x00000000d6795718) thrown at [C:\re\workspace\8-2-build-windows-amd64-cygwin\jdk8u191\11896\hotspot\src\share\vm\prims\jvm.cpp, line 4028]
Event: 33.122 Thread 0x00000000244c1800 Exception <a 'java/lang/UnsatisfiedLinkError'> (0x00000000d6795718) thrown at [C:\re\workspace\8-2-build-windows-amd64-cygwin\jdk8u191\11896\hotspot\src\share\vm\prims\jni.cpp, line 709]
Event: 33.122 Thread 0x00000000244c1800 Exception <a 'java/lang/UnsatisfiedLinkError'> (0x00000000d6795718) thrown at [C:\re\workspace\8-2-build-windows-amd64-cygwin\jdk8u191\11896\hotspot\src\share\vm\prims\jvm.cpp, line 1439]
Event: 33.122 Thread 0x00000000244c1800 Exception <a 'java/lang/UnsatisfiedLinkError'> (0x00000000d6795718) thrown at [C:\re\workspace\8-2-build-windows-amd64-cygwin\jdk8u191\11896\hotspot\src\share\vm\oops\instanceKlass.cpp, line 959]
Event: 33.122 Thread 0x00000000244c1800 Exception <a 'java/lang/UnsatisfiedLinkError'> (0x00000000d6795718) thrown at [C:\re\workspace\8-2-build-windows-amd64-cygwin\jdk8u191\11896\hotspot\src\share\vm\oops\instanceKlass.cpp, line 959]
Event: 33.122 Thread 0x00000000244c1800 Exception <a 'java/lang/UnsatisfiedLinkError'> (0x00000000d6795718) thrown at [C:\re\workspace\8-2-build-windows-amd64-cygwin\jdk8u191\11896\hotspot\src\share\vm\prims\jvm.cpp, line 1439]
Event: 33.122 Thread 0x00000000244c1800 Exception <a 'java/lang/UnsatisfiedLinkError'> (0x00000000d6795718) thrown at [C:\re\workspace\8-2-build-windows-amd64-cygwin\jdk8u191\11896\hotspot\src\share\vm\prims\jvm.cpp, line 1439]
Event: 36.180 Thread 0x00000000244c1800 Exception <a 'java/lang/NoClassDefFoundError': Could not initialize class sun.dc.pr.Rasterizer> (0x00000000dacf6d08) thrown at [C:\re\workspace\8-2-build-windows-amd64-cygwin\jdk8u191\11896\hotspot\src\share\vm\oops\instanceKlass.cpp, line 879]
Event: 36.180 Thread 0x00000000244c1800 Exception <a 'java/lang/NoClassDefFoundError'> (0x00000000dacf6d08) thrown at [C:\re\workspace\8-2-build-windows-amd64-cygwin\jdk8u191\11896\hotspot\src\share\vm\prims\jvm.cpp, line 1439]
Event: 36.180 Thread 0x00000000244c1800 Exception <a 'java/lang/NoClassDefFoundError'> (0x00000000dacf6d08) thrown at [C:\re\workspace\8-2-build-windows-amd64-cygwin\jdk8u191\11896\hotspot\src\share\vm\prims\jvm.cpp, line 1439]

Events (10 events):
Event: 37.365 Executing VM operation: RevokeBias
Event: 37.365 Executing VM operation: RevokeBias done
Event: 37.367 Executing VM operation: RevokeBias
Event: 37.367 Executing VM operation: RevokeBias done
Event: 37.369 Thread 0x000000001762b800 flushing nmethod 0x0000000003bc5c90
Event: 37.369 Thread 0x000000001762b800 flushing nmethod 0x0000000003bc6cd0
Event: 37.805 Executing VM operation: ParallelGCFailedAllocation
Event: 37.818 Executing VM operation: ParallelGCFailedAllocation done
Event: 38.212 Executing VM operation: ParallelGCFailedAllocation
Event: 38.214 Executing VM operation: ParallelGCFailedAllocation done


Dynamic libraries:
0x00007ff7e7930000 - 0x00007ff7e7967000 	C:\Program Files\Java\jre1.8.0_191\bin\javaw.exe
0x00007fff626e0000 - 0x00007fff628c1000 	C:\WINDOWS\SYSTEM32\ntdll.dll
0x00007fff62160000 - 0x00007fff62212000 	C:\WINDOWS\System32\KERNEL32.DLL
0x00007fff5ee20000 - 0x00007fff5f093000 	C:\WINDOWS\System32\KERNELBASE.dll
0x00007fff61d40000 - 0x00007fff61de1000 	C:\WINDOWS\System32\ADVAPI32.dll
0x00007fff61f40000 - 0x00007fff61fde000 	C:\WINDOWS\System32\msvcrt.dll
0x00007fff61ce0000 - 0x00007fff61d3b000 	C:\WINDOWS\System32\sechost.dll
0x00007fff60270000 - 0x00007fff60394000 	C:\WINDOWS\System32\RPCRT4.dll
0x00007fff62220000 - 0x00007fff623b0000 	C:\WINDOWS\System32\USER32.dll
0x00007fff5f0a0000 - 0x00007fff5f0c0000 	C:\WINDOWS\System32\win32u.dll
0x00007fff61f10000 - 0x00007fff61f38000 	C:\WINDOWS\System32\GDI32.dll
0x00007fff5ec80000 - 0x00007fff5ee12000 	C:\WINDOWS\System32\gdi32full.dll
0x00007fff5fa40000 - 0x00007fff5fadf000 	C:\WINDOWS\System32\msvcp_win.dll
0x00007fff5ea80000 - 0x00007fff5eb7a000 	C:\WINDOWS\System32\ucrtbase.dll
0x00007fff47600000 - 0x00007fff47869000 	C:\WINDOWS\WinSxS\amd64_microsoft.windows.common-controls_6595b64144ccf1df_6.0.17134.345_none_fb429a5930656358\COMCTL32.dll
0x00007fff603a0000 - 0x00007fff606c3000 	C:\WINDOWS\System32\combase.dll
0x00007fff5f2b0000 - 0x00007fff5f32a000 	C:\WINDOWS\System32\bcryptPrimitives.dll
0x00007fff62410000 - 0x00007fff6243d000 	C:\WINDOWS\System32\IMM32.DLL
0x0000000073450000 - 0x0000000073522000 	C:\Program Files\Java\jre1.8.0_191\bin\msvcr100.dll
0x0000000074af0000 - 0x0000000075394000 	C:\Program Files\Java\jre1.8.0_191\bin\server\jvm.dll
0x00007fff5fb50000 - 0x00007fff5fb58000 	C:\WINDOWS\System32\PSAPI.DLL
0x00007fff5bc60000 - 0x00007fff5bc83000 	C:\WINDOWS\SYSTEM32\WINMM.dll
0x00007fff4e610000 - 0x00007fff4e619000 	C:\WINDOWS\SYSTEM32\WSOCK32.dll
0x00007fff61df0000 - 0x00007fff61e5c000 	C:\WINDOWS\System32\WS2_32.dll
0x00007fff4c7c0000 - 0x00007fff4c7ca000 	C:\WINDOWS\SYSTEM32\VERSION.dll
0x00007fff5b8f0000 - 0x00007fff5b91a000 	C:\WINDOWS\SYSTEM32\winmmbase.dll
0x00007fff5ec30000 - 0x00007fff5ec79000 	C:\WINDOWS\System32\cfgmgr32.dll
0x0000000074a00000 - 0x0000000074a0f000 	C:\Program Files\Java\jre1.8.0_191\bin\verify.dll
0x00000000749d0000 - 0x00000000749f9000 	C:\Program Files\Java\jre1.8.0_191\bin\java.dll
0x00000000749b0000 - 0x00000000749c6000 	C:\Program Files\Java\jre1.8.0_191\bin\zip.dll
0x00007fff608a0000 - 0x00007fff61cdf000 	C:\WINDOWS\System32\SHELL32.dll
0x00007fff61e60000 - 0x00007fff61f09000 	C:\WINDOWS\System32\shcore.dll
0x00007fff5f330000 - 0x00007fff5fa3d000 	C:\WINDOWS\System32\windows.storage.dll
0x00007fff623b0000 - 0x00007fff62401000 	C:\WINDOWS\System32\shlwapi.dll
0x00007fff5ea10000 - 0x00007fff5ea21000 	C:\WINDOWS\System32\kernel.appcore.dll
0x00007fff5e9c0000 - 0x00007fff5e9df000 	C:\WINDOWS\System32\profapi.dll
0x00007fff5ea30000 - 0x00007fff5ea7c000 	C:\WINDOWS\System32\powrprof.dll
0x00007fff5e9e0000 - 0x00007fff5e9ea000 	C:\WINDOWS\System32\FLTLIB.DLL
0x0000000002830000 - 0x0000000002833000 	C:\Program Files\Java\jre1.8.0_191\bin\api-ms-win-core-console-l1-1-0.dll
0x0000000002840000 - 0x0000000002843000 	C:\Program Files\Java\jre1.8.0_191\bin\api-ms-win-core-datetime-l1-1-0.dll
0x0000000002850000 - 0x0000000002853000 	C:\Program Files\Java\jre1.8.0_191\bin\api-ms-win-core-debug-l1-1-0.dll
0x0000000019570000 - 0x0000000019573000 	C:\Program Files\Java\jre1.8.0_191\bin\api-ms-win-core-errorhandling-l1-1-0.dll
0x0000000019580000 - 0x0000000019584000 	C:\Program Files\Java\jre1.8.0_191\bin\api-ms-win-core-file-l1-1-0.dll
0x0000000019590000 - 0x0000000019593000 	C:\Program Files\Java\jre1.8.0_191\bin\api-ms-win-core-file-l1-2-0.dll
0x00000000195a0000 - 0x00000000195a3000 	C:\Program Files\Java\jre1.8.0_191\bin\api-ms-win-core-file-l2-1-0.dll
0x00000000195b0000 - 0x00000000195b3000 	C:\Program Files\Java\jre1.8.0_191\bin\api-ms-win-core-handle-l1-1-0.dll
0x00000000195c0000 - 0x00000000195c3000 	C:\Program Files\Java\jre1.8.0_191\bin\api-ms-win-core-heap-l1-1-0.dll
0x00000000195d0000 - 0x00000000195d3000 	C:\Program Files\Java\jre1.8.0_191\bin\api-ms-win-core-interlocked-l1-1-0.dll
0x00000000195e0000 - 0x00000000195e3000 	C:\Program Files\Java\jre1.8.0_191\bin\api-ms-win-core-libraryloader-l1-1-0.dll
0x00000000195f0000 - 0x00000000195f3000 	C:\Program Files\Java\jre1.8.0_191\bin\api-ms-win-core-localization-l1-2-0.dll
0x0000000019600000 - 0x0000000019603000 	C:\Program Files\Java\jre1.8.0_191\bin\api-ms-win-core-memory-l1-1-0.dll
0x0000000019610000 - 0x0000000019613000 	C:\Program Files\Java\jre1.8.0_191\bin\api-ms-win-core-namedpipe-l1-1-0.dll
0x0000000019620000 - 0x0000000019623000 	C:\Program Files\Java\jre1.8.0_191\bin\api-ms-win-core-processenvironment-l1-1-0.dll
0x0000000019630000 - 0x0000000019633000 	C:\Program Files\Java\jre1.8.0_191\bin\api-ms-win-core-processthreads-l1-1-0.dll
0x0000000019640000 - 0x0000000019643000 	C:\Program Files\Java\jre1.8.0_191\bin\api-ms-win-core-processthreads-l1-1-1.dll
0x0000000019650000 - 0x0000000019653000 	C:\Program Files\Java\jre1.8.0_191\bin\api-ms-win-core-profile-l1-1-0.dll
0x0000000019660000 - 0x0000000019663000 	C:\Program Files\Java\jre1.8.0_191\bin\api-ms-win-core-rtlsupport-l1-1-0.dll
0x0000000019670000 - 0x0000000019673000 	C:\Program Files\Java\jre1.8.0_191\bin\api-ms-win-core-string-l1-1-0.dll
0x0000000019680000 - 0x0000000019683000 	C:\Program Files\Java\jre1.8.0_191\bin\api-ms-win-core-synch-l1-1-0.dll
0x0000000019690000 - 0x0000000019693000 	C:\Program Files\Java\jre1.8.0_191\bin\api-ms-win-core-synch-l1-2-0.dll
0x00000000196a0000 - 0x00000000196a3000 	C:\Program Files\Java\jre1.8.0_191\bin\api-ms-win-core-sysinfo-l1-1-0.dll
0x00000000196b0000 - 0x00000000196b3000 	C:\Program Files\Java\jre1.8.0_191\bin\api-ms-win-core-timezone-l1-1-0.dll
0x00000000196c0000 - 0x00000000196c3000 	C:\Program Files\Java\jre1.8.0_191\bin\api-ms-win-core-util-l1-1-0.dll
0x00000000196d0000 - 0x00000000196d3000 	C:\Program Files\Java\jre1.8.0_191\bin\api-ms-win-crt-conio-l1-1-0.dll
0x00000000196e0000 - 0x00000000196e4000 	C:\Program Files\Java\jre1.8.0_191\bin\api-ms-win-crt-convert-l1-1-0.dll
0x00000000196f0000 - 0x00000000196f3000 	C:\Program Files\Java\jre1.8.0_191\bin\api-ms-win-crt-environment-l1-1-0.dll
0x0000000019700000 - 0x0000000019703000 	C:\Program Files\Java\jre1.8.0_191\bin\api-ms-win-crt-filesystem-l1-1-0.dll
0x0000000019710000 - 0x0000000019713000 	C:\Program Files\Java\jre1.8.0_191\bin\api-ms-win-crt-heap-l1-1-0.dll
0x0000000019720000 - 0x0000000019723000 	C:\Program Files\Java\jre1.8.0_191\bin\api-ms-win-crt-locale-l1-1-0.dll
0x0000000019730000 - 0x0000000019735000 	C:\Program Files\Java\jre1.8.0_191\bin\api-ms-win-crt-math-l1-1-0.dll
0x0000000019740000 - 0x0000000019745000 	C:\Program Files\Java\jre1.8.0_191\bin\api-ms-win-crt-multibyte-l1-1-0.dll
0x0000000019750000 - 0x0000000019760000 	C:\Program Files\Java\jre1.8.0_191\bin\api-ms-win-crt-private-l1-1-0.dll
0x0000000019760000 - 0x0000000019763000 	C:\Program Files\Java\jre1.8.0_191\bin\api-ms-win-crt-process-l1-1-0.dll
0x0000000019770000 - 0x0000000019774000 	C:\Program Files\Java\jre1.8.0_191\bin\api-ms-win-crt-runtime-l1-1-0.dll
0x0000000019780000 - 0x0000000019784000 	C:\Program Files\Java\jre1.8.0_191\bin\api-ms-win-crt-stdio-l1-1-0.dll
0x0000000019790000 - 0x0000000019794000 	C:\Program Files\Java\jre1.8.0_191\bin\api-ms-win-crt-string-l1-1-0.dll
0x00000000197a0000 - 0x00000000197a3000 	C:\Program Files\Java\jre1.8.0_191\bin\api-ms-win-crt-time-l1-1-0.dll
0x00000000197b0000 - 0x00000000197b3000 	C:\Program Files\Java\jre1.8.0_191\bin\api-ms-win-crt-utility-l1-1-0.dll
0x00007fff221c0000 - 0x00007fff222b6000 	C:\Program Files\Java\jre1.8.0_191\bin\ucrtbase.dll
0x00007fff54cd0000 - 0x00007fff54ce6000 	C:\Program Files\Java\jre1.8.0_191\bin\vcruntime140.dll
0x00007fff3ef70000 - 0x00007fff3f00c000 	C:\Program Files\Java\jre1.8.0_191\bin\msvcp140.dll
0x00007fff34150000 - 0x00007fff341a1000 	C:\Program Files\Java\jre1.8.0_191\bin\concrt140.dll
0x0000000073420000 - 0x0000000073443000 	C:\Program Files\Java\jre1.8.0_191\bin\prism_d3d.dll
0x00007fff0d260000 - 0x00007fff0d3f7000 	C:\WINDOWS\system32\d3d9.dll
0x00007fff5ca90000 - 0x00007fff5cab9000 	C:\WINDOWS\SYSTEM32\dwmapi.dll
0x00007fff5c640000 - 0x00007fff5c6d8000 	C:\WINDOWS\system32\uxtheme.dll
0x00007fff0ecb0000 - 0x00007fff129bb000 	C:\WINDOWS\System32\DriverStore\FileRepository\igdlh64.inf_amd64_09afa4e14ee4fad2\igdumdim64.dll
0x00007fff5fbc0000 - 0x00007fff6000b000 	C:\WINDOWS\System32\SETUPAPI.dll
0x00007fff606d0000 - 0x00007fff60821000 	C:\WINDOWS\System32\ole32.dll
0x00007fff601a0000 - 0x00007fff60262000 	C:\WINDOWS\System32\OLEAUT32.dll
0x00000000733d0000 - 0x0000000073419000 	C:\Program Files\Java\jre1.8.0_191\bin\glass.dll
0x00007fff60090000 - 0x00007fff6017d000 	C:\WINDOWS\System32\COMDLG32.dll
0x00007fff61fe0000 - 0x00007fff62154000 	C:\WINDOWS\System32\MSCTF.dll
0x00007fff55c10000 - 0x00007fff5721c000 	C:\WINDOWS\System32\DriverStore\FileRepository\igdlh64.inf_amd64_09afa4e14ee4fad2\igc64.dll
0x00000000733b0000 - 0x00000000733c4000 	C:\Program Files\Java\jre1.8.0_191\bin\javafx_font.dll
0x00007fff4e180000 - 0x00007fff4e49c000 	C:\WINDOWS\SYSTEM32\dwrite.dll
0x00007fff62440000 - 0x00007fff624e0000 	C:\WINDOWS\System32\clbcatq.dll
0x00007fff5a2a0000 - 0x00007fff5a44e000 	C:\WINDOWS\SYSTEM32\WindowsCodecs.dll
0x00007fff31670000 - 0x00007fff316c8000 	C:\WINDOWS\system32\dataexchange.dll
0x00007fff5a780000 - 0x00007fff5aa8b000 	C:\WINDOWS\system32\d3d11.dll
0x00007fff5b720000 - 0x00007fff5b8bc000 	C:\WINDOWS\system32\dcomp.dll
0x00007fff5d780000 - 0x00007fff5d83b000 	C:\WINDOWS\system32\dxgi.dll
0x00007fff5cc20000 - 0x00007fff5cdd8000 	C:\WINDOWS\system32\twinapi.appcore.dll
0x00007fff5cb70000 - 0x00007fff5cb91000 	C:\WINDOWS\system32\RMCLIENT.dll
0x00007fff597d0000 - 0x00007fff59804000 	C:\Program Files\Common Files\Microsoft Shared\Ink\rtscom.dll
0x00007fff4fcb0000 - 0x00007fff4fd47000 	C:\WINDOWS\System32\TextInputFramework.dll
0x00007fff59dc0000 - 0x00007fff5a0de000 	C:\WINDOWS\System32\CoreUIComponents.dll
0x00007fff5b640000 - 0x00007fff5b71a000 	C:\WINDOWS\System32\CoreMessaging.dll
0x00007fff5dae0000 - 0x00007fff5db11000 	C:\WINDOWS\SYSTEM32\ntmarta.dll
0x00007fff59c70000 - 0x00007fff59dbd000 	C:\WINDOWS\SYSTEM32\wintypes.dll
0x00007fff31bb0000 - 0x00007fff31c1b000 	C:\WINDOWS\system32\Oleacc.dll
0x0000000073210000 - 0x00000000733a9000 	C:\Program Files\Java\jre1.8.0_191\bin\awt.dll
0x00007fff5c220000 - 0x00007fff5c2ab000 	C:\WINDOWS\SYSTEM32\apphelp.dll
0x00007fff5e390000 - 0x00007fff5e3a7000 	C:\WINDOWS\SYSTEM32\CRYPTSP.dll
0x00007fff5ddc0000 - 0x00007fff5ddf3000 	C:\WINDOWS\system32\rsaenh.dll
0x00007fff5e4c0000 - 0x00007fff5e4e5000 	C:\WINDOWS\SYSTEM32\bcrypt.dll
0x00007fff5e8f0000 - 0x00007fff5e918000 	C:\WINDOWS\SYSTEM32\USERENV.dll
0x00007fff5e3b0000 - 0x00007fff5e3bb000 	C:\WINDOWS\SYSTEM32\CRYPTBASE.dll
0x00000000745d0000 - 0x00000000745ea000 	C:\Program Files\Java\jre1.8.0_191\bin\net.dll
0x00007fff5e1e0000 - 0x00007fff5e246000 	C:\WINDOWS\system32\mswsock.dll
0x00007fff5df60000 - 0x00007fff5df98000 	C:\WINDOWS\SYSTEM32\IPHLPAPI.DLL
0x00007fff5fb40000 - 0x00007fff5fb48000 	C:\WINDOWS\System32\NSI.dll
0x00007fff53e80000 - 0x00007fff53e96000 	C:\WINDOWS\SYSTEM32\dhcpcsvc6.DLL
0x00007fff54380000 - 0x00007fff5439a000 	C:\WINDOWS\SYSTEM32\dhcpcsvc.DLL
0x00000000745b0000 - 0x00000000745c1000 	C:\Program Files\Java\jre1.8.0_191\bin\nio.dll
0x00000000731c0000 - 0x0000000073207000 	C:\Program Files\Java\jre1.8.0_191\bin\fontmanager.dll
0x0000000073170000 - 0x00000000731b2000 	C:\Program Files\Java\jre1.8.0_191\bin\t2k.dll
0x0000000073150000 - 0x0000000073162000 	C:\Program Files\Java\jre1.8.0_191\bin\prism_common.dll

VM Arguments:
jvm_args: -Dfile.encoding=Cp1252 
java_command: application.Main
java_class_path (initial): D:\workspaceDM\ROS-Optimization SW\bin;E:\eclipse-java-luna\eclipse\plugins\org.eclipse.fx.ide.css.jfx8_2.0.0.201506111511.jar;C:\Users\navya\Desktop\OPTSW\jars\commons-codec-1.10.jar;C:\Users\navya\Desktop\OPTSW\jars\commons-collections4-4.1.jar;C:\Users\navya\Desktop\OPTSW\jars\commons-logging-1.2.jar;C:\Users\navya\Desktop\OPTSW\jars\curvesapi-1.04.jar;C:\Users\navya\Desktop\OPTSW\jars\fxgraphics2d-1.3.jar;C:\Users\navya\Desktop\OPTSW\jars\hamcrest-core-1.3.jar;C:\Users\navya\Desktop\OPTSW\jars\jfreesvg-3.0.jar;C:\Users\navya\Desktop\OPTSW\jars\jlatexmath-1.0.2.jar;C:\Users\navya\Desktop\OPTSW\jars\junit-4.11.jar;C:\Users\navya\Desktop\OPTSW\jars\junit-4.12.jar;C:\Users\navya\Desktop\OPTSW\jars\log4j-1.2.17.jar;C:\Users\navya\Desktop\OPTSW\jars\orsoncharts-1.5.jar;C:\Users\navya\Desktop\OPTSW\jars\orsoncharts-1.5-swing-demo.jar;C:\Users\navya\Desktop\OPTSW\jars\orsonpdf-1.7.jar;C:\Users\navya\Desktop\OPTSW\jars\poi-3.17.jar;C:\Users\navya\Desktop\OPTSW\jars\poi-examples-3.17.jar;C:\Users\navya\Desktop\OPTSW\jars\poi-excelant-3.17.jar;C:\Users\navya\Desktop\OPTSW\jars\poi-ooxml-3.17.jar;C:\Users\navya\Desktop\OPTSW\jars\poi-ooxml-schemas-3.17.jar;C:\Users\navya\Desktop\OPTSW\jars\poi-scratchpad-3.17.jar;C:\Users\navya\Desktop\OPTSW\jars\xmlbeans-2.6.0.jar
Launcher Type: SUN_STANDARD

Environment Variables:
JAVA_HOME=C:\Program Files\Java\jdk1.8.0_144;
JRE_HOME=C:\Program Files\Java\jre1.8.0_144;
PATH=C:/Program Files/Java/jre1.8.0_191/bin/server;C:/Program Files/Java/jre1.8.0_191/bin;C:/Program Files/Java/jre1.8.0_191/lib/amd64;C:\Program Files (x86)\Common Files\Oracle\Java\javapath;C:\ProgramData\Oracle\Java\javapath;C:\WINDOWS\system32;C:\WINDOWS;C:\WINDOWS\System32\Wbem;C:\WINDOWS\System32\WindowsPowerShell\v1.0\;C:\Program Files\Java\jdk1.8.0_144\bin;C:\Program Files\Java\jre1.8.0_144\bin;C:\Program Files (x86)\Microsoft SDKs\TypeScript\1.0\;C:\Program Files (x86)\Skype\Phone\;C:\MinGW\bin;C:\Python27;C:\Python27\Scripts;C:\Program Files\MiKTeX 2.9\miktex\bin\x64\;C:\Program Files\TortoiseSVN\bin;C:\Program Files\Microsoft SQL Server\Client SDK\ODBC\130\Tools\Binn\;C:\Program Files (x86)\Microsoft SQL Server\140\Tools\Binn\;C:\Program Files\Microsoft SQL Server\140\Tools\Binn\;C:\Program Files\Microsoft SQL Server\140\DTS\Binn\;C:\Program Files (x86)\Microsoft SQL Server\Client SDK\ODBC\130\Tools\Binn\;C:\Program Files (x86)\Microsoft SQL Server\140\DTS\Binn\;C:\Program Files (x86)\Microsoft SQL Server\140\Tools\Binn\ManagementStudio\;C:\WINDOWS\System32\OpenSSH\;C:\Program Files\Git\cmd;C:\Program Files (x86)\Common Files\Adobe\AGL;C:\Program Files\Microsoft OLE DB Provider for DB2\System\;C:\Users\navya\AppData\Local\Microsoft\WindowsApps;;E:\eclipse-java-luna\eclipse;
USERNAME=navya
OS=Windows_NT
PROCESSOR_IDENTIFIER=Intel64 Family 6 Model 142 Stepping 9, GenuineIntel



---------------  S Y S T E M  ---------------

OS: Windows 10.0 , 64 bit Build 17134 (10.0.17134.1)

CPU:total 4 (initial active 4) (2 cores per cpu, 2 threads per core) family 6 model 142 stepping 9, cmov, cx8, fxsr, mmx, sse, sse2, sse3, ssse3, sse4.1, sse4.2, popcnt, avx, avx2, aes, clmul, erms, 3dnowpref, lzcnt, ht, tsc, tscinvbit, bmi1, bmi2, adx

Memory: 4k page, physical 8227212k(1530740k free), swap 21334280k(0k free)

vm_info: Java HotSpot(TM) 64-Bit Server VM (25.191-b12) for windows-amd64 JRE (1.8.0_191-b12), built on Oct  6 2018 09:29:03 by "java_re" with MS VC++ 10.0 (VS2010)

time: Sun Nov 04 12:11:12 2018
elapsed time: 38 seconds (0d 0h 0m 38s)

