#
# There is insufficient memory for the Java Runtime Environment to continue.
# Native memory allocation (malloc) failed to allocate 230656 bytes for Chunk::new
# Possible reasons:
#   The system is out of physical RAM or swap space
#   In 32 bit mode, the process size limit was hit
# Possible solutions:
#   Reduce memory load on the system
#   Increase physical memory or swap space
#   Check if swap backing store is full
#   Use 64 bit Java on a 64 bit OS
#   Decrease Java heap size (-Xmx/-Xms)
#   Decrease number of Java threads
#   Decrease Java thread stack sizes (-Xss)
#   Set larger code cache with -XX:ReservedCodeCacheSize=
# This output file may be truncated or incomplete.
#
#  Out of Memory Error (allocation.cpp:390), pid=20908, tid=0x00000000000001c0
#
# JRE version: Java(TM) SE Runtime Environment (8.0_191-b12) (build 1.8.0_191-b12)
# Java VM: Java HotSpot(TM) 64-Bit Server VM (25.191-b12 mixed mode windows-amd64 compressed oops)
# Failed to write core dump. Minidumps are not enabled by default on client versions of Windows
#

---------------  T H R E A D  ---------------

Current thread (0x00000000175fc000):  JavaThread "C2 CompilerThread0" daemon [_thread_in_native, id=448, stack(0x0000000018c50000,0x0000000018d50000)]

Stack: [0x0000000018c50000,0x0000000018d50000]
[error occurred during error reporting (printing stack bounds), id 0xc0000005]

Native frames: (J=compiled Java code, j=interpreted, Vv=VM code, C=native code)


Current CompileTask:
C2:  49753 6292 %     4       java.util.TimSort::mergeLo @ 153 (659 bytes)


---------------  P R O C E S S  ---------------

Java Threads: ( => current thread )
  0x0000000024460000 JavaThread "TimerQueue" daemon [_thread_blocked, id=18228, stack(0x000000002fce0000,0x000000002fde0000)]
  0x000000002445f800 JavaThread "AWT-EventQueue-0" [_thread_in_Java, id=20252, stack(0x000000002f9e0000,0x000000002fae0000)]
  0x0000000024461000 JavaThread "AWT-Windows" daemon [_thread_in_native, id=22860, stack(0x000000002f8e0000,0x000000002f9e0000)]
  0x000000002445c800 JavaThread "AWT-Shutdown" [_thread_blocked, id=7260, stack(0x000000002e5d0000,0x000000002e6d0000)]
  0x000000002485b000 JavaThread "Java2D Disposer" daemon [_thread_blocked, id=21080, stack(0x00000000250f0000,0x00000000251f0000)]
  0x0000000019dfc000 JavaThread "Prism Font Disposer" daemon [_thread_blocked, id=1364, stack(0x0000000023620000,0x0000000023720000)]
  0x0000000019a0a800 JavaThread "JavaFX-Launcher" [_thread_blocked, id=16620, stack(0x0000000021150000,0x0000000021250000)]
  0x00000000198a8000 JavaThread "Thread-2" daemon [_thread_in_native, id=6556, stack(0x0000000021050000,0x0000000021150000)]
  0x0000000019322800 JavaThread "JavaFX Application Thread" [_thread_in_Java, id=19064, stack(0x000000001a2b0000,0x000000001a3b0000)]
  0x000000001934b000 JavaThread "Thread-1" daemon [_thread_blocked, id=236, stack(0x000000001a1b0000,0x000000001a2b0000)]
  0x000000001931c800 JavaThread "QuantumRenderer-0" daemon [_thread_blocked, id=23512, stack(0x0000000019790000,0x0000000019890000)]
  0x0000000018f88000 JavaThread "Service Thread" daemon [_thread_blocked, id=13492, stack(0x0000000019350000,0x0000000019450000)]
  0x000000001763e800 JavaThread "C1 CompilerThread2" daemon [_thread_blocked, id=11452, stack(0x0000000018e50000,0x0000000018f50000)]
  0x0000000017601800 JavaThread "C2 CompilerThread1" daemon [_thread_blocked, id=21716, stack(0x0000000018d50000,0x0000000018e50000)]
=>0x00000000175fc000 JavaThread "C2 CompilerThread0" daemon [_thread_in_native, id=448, stack(0x0000000018c50000,0x0000000018d50000)]
  0x00000000175fa800 JavaThread "Attach Listener" daemon [_thread_blocked, id=9228, stack(0x0000000018b50000,0x0000000018c50000)]
  0x0000000017606800 JavaThread "Signal Dispatcher" daemon [_thread_blocked, id=20324, stack(0x0000000018a50000,0x0000000018b50000)]
  0x0000000002b4c000 JavaThread "Finalizer" daemon [_thread_blocked, id=20320, stack(0x0000000018860000,0x0000000018960000)]
  0x0000000002b41000 JavaThread "Reference Handler" daemon [_thread_blocked, id=17552, stack(0x0000000018760000,0x0000000018860000)]
  0x0000000002a52800 JavaThread "main" [_thread_blocked, id=20416, stack(0x0000000002950000,0x0000000002a50000)]

Other Threads:
  0x00000000175c8000 VMThread [stack: 0x0000000018660000,0x0000000018760000] [id=4924]
  0x0000000018fa9000 WatcherThread [stack: 0x0000000019450000,0x0000000019550000] [id=11292]

VM state:not at safepoint (normal execution)

VM Mutex/Monitor currently owned by a thread: None

Heap:
 PSYoungGen      total 249344K, used 224065K [0x00000000d6200000, 0x00000000e6080000, 0x0000000100000000)
  eden space 238080K, 93% used [0x00000000d6200000,0x00000000e3a8c8b8,0x00000000e4a80000)
  from space 11264K, 20% used [0x00000000e4a80000,0x00000000e4cc3c38,0x00000000e5580000)
  to   space 10240K, 0% used [0x00000000e5680000,0x00000000e5680000,0x00000000e6080000)
 ParOldGen       total 139776K, used 39385K [0x0000000082600000, 0x000000008ae80000, 0x00000000d6200000)
  object space 139776K, 28% used [0x0000000082600000,0x0000000084c767d0,0x000000008ae80000)
 Metaspace       used 36014K, capacity 37638K, committed 38016K, reserved 1081344K
  class space    used 4894K, capacity 5192K, committed 5248K, reserved 1048576K

Card table byte_map: [0x0000000011f10000,0x0000000012300000] byte_map_base: 0x0000000011afd000

Marking Bits: (ParMarkBitMap*) 0x0000000075313e30
 Begin Bits: [0x00000000129a0000, 0x0000000014908000)
 End Bits:   [0x0000000014908000, 0x0000000016870000)

Polling page: 0x00000000007f0000

CodeCache: size=245760Kb used=17210Kb max_used=17210Kb free=228549Kb
 bounds [0x0000000002b50000, 0x0000000003c40000, 0x0000000011b50000]
 total_blobs=6281 nmethods=5380 adapters=811
 compilation: enabled

Compilation events (10 events):
Event: 49.689 Thread 0x000000001763e800 nmethod 6287 0x0000000003c0ac50 code [0x0000000003c0adc0, 0x0000000003c0b1e8]
Event: 49.689 Thread 0x000000001763e800 6288   !   3       java.awt.KeyboardFocusManager::processCurrentLightweightRequests (345 bytes)
Event: 49.700 Thread 0x000000001763e800 nmethod 6288 0x0000000003c2f150 code [0x0000000003c2f580, 0x0000000003c31dd8]
Event: 49.700 Thread 0x000000001763e800 6291       3       javax.swing.JComponent::rectangleIsObscured (119 bytes)
Event: 49.702 Thread 0x00000000175fc000 6292 %     4       java.util.TimSort::mergeLo @ 153 (659 bytes)
Event: 49.703 Thread 0x000000001763e800 nmethod 6291 0x0000000003c099d0 code [0x0000000003c09be0, 0x0000000003c0a858]
Event: 49.703 Thread 0x000000001763e800 6289   !   3       java.awt.event.InvocationEvent::dispatch (69 bytes)
Event: 49.704 Thread 0x000000001763e800 nmethod 6289 0x0000000003c33710 code [0x0000000003c338c0, 0x0000000003c33f38]
Event: 49.704 Thread 0x000000001763e800 6290       1       java.awt.AlphaComposite::getRule (5 bytes)
Event: 49.705 Thread 0x000000001763e800 nmethod 6290 0x0000000003c09710 code [0x0000000003c09860, 0x0000000003c09970]

GC Heap History (10 events):
Event: 42.942 GC heap before
{Heap before GC invocations=27 (full 2):
 PSYoungGen      total 237056K, used 226518K [0x00000000d6200000, 0x00000000e6300000, 0x0000000100000000)
  eden space 224768K, 100% used [0x00000000d6200000,0x00000000e3d80000,0x00000000e3d80000)
  from space 12288K, 14% used [0x00000000e4980000,0x00000000e4b35a90,0x00000000e5580000)
  to   space 12288K, 0% used [0x00000000e3d80000,0x00000000e3d80000,0x00000000e4980000)
 ParOldGen       total 139776K, used 39369K [0x0000000082600000, 0x000000008ae80000, 0x00000000d6200000)
  object space 139776K, 28% used [0x0000000082600000,0x0000000084c727d0,0x000000008ae80000)
 Metaspace       used 35837K, capacity 37440K, committed 37760K, reserved 1081344K
  class space    used 4894K, capacity 5191K, committed 5248K, reserved 1048576K
Event: 42.950 GC heap after
Heap after GC invocations=27 (full 2):
 PSYoungGen      total 237056K, used 4067K [0x00000000d6200000, 0x00000000e6200000, 0x0000000100000000)
  eden space 224768K, 0% used [0x00000000d6200000,0x00000000d6200000,0x00000000e3d80000)
  from space 12288K, 33% used [0x00000000e3d80000,0x00000000e4178fb0,0x00000000e4980000)
  to   space 11776K, 0% used [0x00000000e5680000,0x00000000e5680000,0x00000000e6200000)
 ParOldGen       total 139776K, used 39369K [0x0000000082600000, 0x000000008ae80000, 0x00000000d6200000)
  object space 139776K, 28% used [0x0000000082600000,0x0000000084c727d0,0x000000008ae80000)
 Metaspace       used 35837K, capacity 37440K, committed 37760K, reserved 1081344K
  class space    used 4894K, capacity 5191K, committed 5248K, reserved 1048576K
}
Event: 44.015 GC heap before
{Heap before GC invocations=28 (full 2):
 PSYoungGen      total 237056K, used 228835K [0x00000000d6200000, 0x00000000e6200000, 0x0000000100000000)
  eden space 224768K, 100% used [0x00000000d6200000,0x00000000e3d80000,0x00000000e3d80000)
  from space 12288K, 33% used [0x00000000e3d80000,0x00000000e4178fb0,0x00000000e4980000)
  to   space 11776K, 0% used [0x00000000e5680000,0x00000000e5680000,0x00000000e6200000)
 ParOldGen       total 139776K, used 39369K [0x0000000082600000, 0x000000008ae80000, 0x00000000d6200000)
  object space 139776K, 28% used [0x0000000082600000,0x0000000084c727d0,0x000000008ae80000)
 Metaspace       used 35848K, capacity 37440K, committed 37760K, reserved 1081344K
  class space    used 4894K, capacity 5191K, committed 5248K, reserved 1048576K
Event: 44.020 GC heap after
Heap after GC invocations=28 (full 2):
 PSYoungGen      total 248320K, used 1814K [0x00000000d6200000, 0x00000000e6080000, 0x0000000100000000)
  eden space 238080K, 0% used [0x00000000d6200000,0x00000000d6200000,0x00000000e4a80000)
  from space 10240K, 17% used [0x00000000e5680000,0x00000000e5845a90,0x00000000e6080000)
  to   space 11264K, 0% used [0x00000000e4a80000,0x00000000e4a80000,0x00000000e5580000)
 ParOldGen       total 139776K, used 39369K [0x0000000082600000, 0x000000008ae80000, 0x00000000d6200000)
  object space 139776K, 28% used [0x0000000082600000,0x0000000084c727d0,0x000000008ae80000)
 Metaspace       used 35848K, capacity 37440K, committed 37760K, reserved 1081344K
  class space    used 4894K, capacity 5191K, committed 5248K, reserved 1048576K
}
Event: 45.567 GC heap before
{Heap before GC invocations=29 (full 2):
 PSYoungGen      total 248320K, used 239894K [0x00000000d6200000, 0x00000000e6080000, 0x0000000100000000)
  eden space 238080K, 100% used [0x00000000d6200000,0x00000000e4a80000,0x00000000e4a80000)
  from space 10240K, 17% used [0x00000000e5680000,0x00000000e5845a90,0x00000000e6080000)
  to   space 11264K, 0% used [0x00000000e4a80000,0x00000000e4a80000,0x00000000e5580000)
 ParOldGen       total 139776K, used 39369K [0x0000000082600000, 0x000000008ae80000, 0x00000000d6200000)
  object space 139776K, 28% used [0x0000000082600000,0x0000000084c727d0,0x000000008ae80000)
 Metaspace       used 35894K, capacity 37568K, committed 37760K, reserved 1081344K
  class space    used 4894K, capacity 5191K, committed 5248K, reserved 1048576K
Event: 45.574 GC heap after
Heap after GC invocations=29 (full 2):
 PSYoungGen      total 249344K, used 2364K [0x00000000d6200000, 0x00000000e6080000, 0x0000000100000000)
  eden space 238080K, 0% used [0x00000000d6200000,0x00000000d6200000,0x00000000e4a80000)
  from space 11264K, 20% used [0x00000000e4a80000,0x00000000e4ccf0a0,0x00000000e5580000)
  to   space 10240K, 0% used [0x00000000e5680000,0x00000000e5680000,0x00000000e6080000)
 ParOldGen       total 139776K, used 39369K [0x0000000082600000, 0x000000008ae80000, 0x00000000d6200000)
  object space 139776K, 28% used [0x0000000082600000,0x0000000084c727d0,0x000000008ae80000)
 Metaspace       used 35894K, capacity 37568K, committed 37760K, reserved 1081344K
  class space    used 4894K, capacity 5191K, committed 5248K, reserved 1048576K
}
Event: 47.010 GC heap before
{Heap before GC invocations=30 (full 2):
 PSYoungGen      total 249344K, used 240444K [0x00000000d6200000, 0x00000000e6080000, 0x0000000100000000)
  eden space 238080K, 100% used [0x00000000d6200000,0x00000000e4a80000,0x00000000e4a80000)
  from space 11264K, 20% used [0x00000000e4a80000,0x00000000e4ccf0a0,0x00000000e5580000)
  to   space 10240K, 0% used [0x00000000e5680000,0x00000000e5680000,0x00000000e6080000)
 ParOldGen       total 139776K, used 39369K [0x0000000082600000, 0x000000008ae80000, 0x00000000d6200000)
  object space 139776K, 28% used [0x0000000082600000,0x0000000084c727d0,0x000000008ae80000)
 Metaspace       used 35916K, capacity 37568K, committed 37760K, reserved 1081344K
  class space    used 4894K, capacity 5191K, committed 5248K, reserved 1048576K
Event: 47.016 GC heap after
Heap after GC invocations=30 (full 2):
 PSYoungGen      total 248320K, used 2220K [0x00000000d6200000, 0x00000000e6080000, 0x0000000100000000)
  eden space 238080K, 0% used [0x00000000d6200000,0x00000000d6200000,0x00000000e4a80000)
  from space 10240K, 21% used [0x00000000e5680000,0x00000000e58ab020,0x00000000e6080000)
  to   space 11264K, 0% used [0x00000000e4a80000,0x00000000e4a80000,0x00000000e5580000)
 ParOldGen       total 139776K, used 39377K [0x0000000082600000, 0x000000008ae80000, 0x00000000d6200000)
  object space 139776K, 28% used [0x0000000082600000,0x0000000084c747d0,0x000000008ae80000)
 Metaspace       used 35916K, capacity 37568K, committed 37760K, reserved 1081344K
  class space    used 4894K, capacity 5191K, committed 5248K, reserved 1048576K
}
Event: 48.486 GC heap before
{Heap before GC invocations=31 (full 2):
 PSYoungGen      total 248320K, used 240300K [0x00000000d6200000, 0x00000000e6080000, 0x0000000100000000)
  eden space 238080K, 100% used [0x00000000d6200000,0x00000000e4a80000,0x00000000e4a80000)
  from space 10240K, 21% used [0x00000000e5680000,0x00000000e58ab020,0x00000000e6080000)
  to   space 11264K, 0% used [0x00000000e4a80000,0x00000000e4a80000,0x00000000e5580000)
 ParOldGen       total 139776K, used 39377K [0x0000000082600000, 0x000000008ae80000, 0x00000000d6200000)
  object space 139776K, 28% used [0x0000000082600000,0x0000000084c747d0,0x000000008ae80000)
 Metaspace       used 35950K, capacity 37638K, committed 38016K, reserved 1081344K
  class space    used 4894K, capacity 5192K, committed 5248K, reserved 1048576K
Event: 48.492 GC heap after
Heap after GC invocations=31 (full 2):
 PSYoungGen      total 249344K, used 2319K [0x00000000d6200000, 0x00000000e6080000, 0x0000000100000000)
  eden space 238080K, 0% used [0x00000000d6200000,0x00000000d6200000,0x00000000e4a80000)
  from space 11264K, 20% used [0x00000000e4a80000,0x00000000e4cc3c38,0x00000000e5580000)
  to   space 10240K, 0% used [0x00000000e5680000,0x00000000e5680000,0x00000000e6080000)
 ParOldGen       total 139776K, used 39385K [0x0000000082600000, 0x000000008ae80000, 0x00000000d6200000)
  object space 139776K, 28% used [0x0000000082600000,0x0000000084c767d0,0x000000008ae80000)
 Metaspace       used 35950K, capacity 37638K, committed 38016K, reserved 1081344K
  class space    used 4894K, capacity 5192K, committed 5248K, reserved 1048576K
}

Deoptimization events (10 events):
Event: 26.750 Thread 0x0000000019322800 Uncommon trap: reason=class_check action=maybe_recompile pc=0x00000000038dd908 method=java.util.regex.Pattern$Curly.match0(Ljava/util/regex/Matcher;IILjava/lang/CharSequence;)Z @ 170
Event: 31.099 Thread 0x0000000019322800 Uncommon trap: reason=unstable_if action=reinterpret pc=0x0000000002ddc7c8 method=java.lang.AbstractStringBuilder.append(Ljava/lang/String;)Ljava/lang/AbstractStringBuilder; @ 1
Event: 31.101 Thread 0x0000000019322800 Uncommon trap: reason=unstable_if action=reinterpret pc=0x0000000002d60e04 method=java.lang.AbstractStringBuilder.append(Ljava/lang/String;)Ljava/lang/AbstractStringBuilder; @ 1
Event: 31.906 Thread 0x0000000019322800 Uncommon trap: reason=unstable_if action=reinterpret pc=0x00000000039e8b54 method=sun.util.logging.PlatformLogger.isLoggable(Lsun/util/logging/PlatformLogger$Level;)Z @ 18
Event: 32.010 Thread 0x000000002445f800 Uncommon trap: reason=unstable_if action=reinterpret pc=0x000000000316c218 method=java.lang.ThreadLocal.get()Ljava/lang/Object; @ 11
Event: 32.349 Thread 0x000000002445f800 Uncommon trap: reason=class_check action=maybe_recompile pc=0x0000000003744e28 method=java.util.regex.Pattern$CharProperty.match(Ljava/util/regex/Matcher;ILjava/lang/CharSequence;)Z @ 37
Event: 32.352 Thread 0x000000002445f800 Uncommon trap: reason=unstable_if action=reinterpret pc=0x0000000003922c00 method=java.util.regex.Matcher.group(I)Ljava/lang/String; @ 65
Event: 35.165 Thread 0x000000002445f800 Uncommon trap: reason=class_check action=maybe_recompile pc=0x0000000003744e28 method=java.util.regex.Pattern$CharProperty.match(Ljava/util/regex/Matcher;ILjava/lang/CharSequence;)Z @ 37
Event: 35.311 Thread 0x000000002445f800 Uncommon trap: reason=class_check action=maybe_recompile pc=0x0000000003744e28 method=java.util.regex.Pattern$CharProperty.match(Ljava/util/regex/Matcher;ILjava/lang/CharSequence;)Z @ 37
Event: 35.407 Thread 0x000000002445f800 Uncommon trap: reason=class_check action=maybe_recompile pc=0x0000000003744e28 method=java.util.regex.Pattern$CharProperty.match(Ljava/util/regex/Matcher;ILjava/lang/CharSequence;)Z @ 37

Classes redefined (0 events):
No events

Internal exceptions (10 events):
Event: 19.173 Thread 0x0000000019322800 Implicit null exception at 0x0000000002f9f082 to 0x0000000002f9f295
Event: 19.179 Thread 0x0000000019322800 Implicit null exception at 0x0000000002fa8d02 to 0x0000000002fa8f15
Event: 19.249 Thread 0x0000000019322800 Implicit null exception at 0x000000000355e473 to 0x000000000355e8ed
Event: 23.890 Thread 0x000000001931c800 Exception <a 'java/lang/ArrayIndexOutOfBoundsException': -1> (0x00000000d72c6320) thrown at [C:\re\workspace\8-2-build-windows-amd64-cygwin\jdk8u191\11896\hotspot\src\share\vm\interpreter\interpreterRuntime.cpp, line 366]
Event: 23.890 Thread 0x000000001931c800 Exception <a 'java/lang/ArrayIndexOutOfBoundsException'> (0x00000000d72c6740) thrown at [C:\re\workspace\8-2-build-windows-amd64-cygwin\jdk8u191\11896\hotspot\src\share\vm\runtime\sharedRuntime.cpp, line 605]
Event: 23.891 Thread 0x000000001931c800 Exception <a 'java/lang/ArrayIndexOutOfBoundsException'> (0x00000000d72c6b60) thrown at [C:\re\workspace\8-2-build-windows-amd64-cygwin\jdk8u191\11896\hotspot\src\share\vm\runtime\sharedRuntime.cpp, line 605]
Event: 23.891 Thread 0x000000001931c800 Exception <a 'java/lang/ArrayIndexOutOfBoundsException'> (0x00000000d72c6f80) thrown at [C:\re\workspace\8-2-build-windows-amd64-cygwin\jdk8u191\11896\hotspot\src\share\vm\runtime\sharedRuntime.cpp, line 605]
Event: 31.099 Thread 0x0000000019322800 Implicit null exception at 0x0000000002ddc416 to 0x0000000002ddc7b1
Event: 31.101 Thread 0x0000000019322800 Implicit null exception at 0x0000000002d60a56 to 0x0000000002d60ded
Event: 32.010 Thread 0x000000002445f800 Implicit null exception at 0x0000000003169b51 to 0x000000000316c1f5

Events (10 events):
Event: 49.458 Executing VM operation: RevokeBias
Event: 49.459 Executing VM operation: RevokeBias done
Event: 49.459 Executing VM operation: RevokeBias
Event: 49.460 Executing VM operation: RevokeBias done
Event: 49.460 Executing VM operation: BulkRevokeBias
Event: 49.461 Executing VM operation: BulkRevokeBias done
Event: 49.462 Executing VM operation: RevokeBias
Event: 49.462 Executing VM operation: RevokeBias done
Event: 49.487 Thread 0x000000002445f800 DEOPT PACKING pc=0x000000000328fa48 sp=0x000000002fadc150
Event: 49.487 Thread 0x000000002445f800 DEOPT UNPACKING pc=0x0000000002b97890 sp=0x000000002fadbe78 mode 0


Dynamic libraries:
0x00007ff7e7930000 - 0x00007ff7e7967000 	C:\Program Files\Java\jre1.8.0_191\bin\javaw.exe
0x00007fff626e0000 - 0x00007fff628c1000 	C:\WINDOWS\SYSTEM32\ntdll.dll
0x00007fff62160000 - 0x00007fff62212000 	C:\WINDOWS\System32\KERNEL32.DLL
0x00007fff5ee20000 - 0x00007fff5f093000 	C:\WINDOWS\System32\KERNELBASE.dll
0x00007fff61d40000 - 0x00007fff61de1000 	C:\WINDOWS\System32\ADVAPI32.dll
0x00007fff61f40000 - 0x00007fff61fde000 	C:\WINDOWS\System32\msvcrt.dll
0x00007fff61ce0000 - 0x00007fff61d3b000 	C:\WINDOWS\System32\sechost.dll
0x00007fff60270000 - 0x00007fff60394000 	C:\WINDOWS\System32\RPCRT4.dll
0x00007fff62220000 - 0x00007fff623b0000 	C:\WINDOWS\System32\USER32.dll
0x00007fff5f0a0000 - 0x00007fff5f0c0000 	C:\WINDOWS\System32\win32u.dll
0x00007fff61f10000 - 0x00007fff61f38000 	C:\WINDOWS\System32\GDI32.dll
0x00007fff5ec80000 - 0x00007fff5ee12000 	C:\WINDOWS\System32\gdi32full.dll
0x00007fff5fa40000 - 0x00007fff5fadf000 	C:\WINDOWS\System32\msvcp_win.dll
0x00007fff5ea80000 - 0x00007fff5eb7a000 	C:\WINDOWS\System32\ucrtbase.dll
0x00007fff47600000 - 0x00007fff47869000 	C:\WINDOWS\WinSxS\amd64_microsoft.windows.common-controls_6595b64144ccf1df_6.0.17134.345_none_fb429a5930656358\COMCTL32.dll
0x00007fff603a0000 - 0x00007fff606c3000 	C:\WINDOWS\System32\combase.dll
0x00007fff5f2b0000 - 0x00007fff5f32a000 	C:\WINDOWS\System32\bcryptPrimitives.dll
0x00007fff62410000 - 0x00007fff6243d000 	C:\WINDOWS\System32\IMM32.DLL
0x0000000073450000 - 0x0000000073522000 	C:\Program Files\Java\jre1.8.0_191\bin\msvcr100.dll
0x0000000074af0000 - 0x0000000075394000 	C:\Program Files\Java\jre1.8.0_191\bin\server\jvm.dll
0x00007fff5fb50000 - 0x00007fff5fb58000 	C:\WINDOWS\System32\PSAPI.DLL
0x00007fff4e610000 - 0x00007fff4e619000 	C:\WINDOWS\SYSTEM32\WSOCK32.dll
0x00007fff61df0000 - 0x00007fff61e5c000 	C:\WINDOWS\System32\WS2_32.dll
0x00007fff5bc60000 - 0x00007fff5bc83000 	C:\WINDOWS\SYSTEM32\WINMM.dll
0x00007fff4c7c0000 - 0x00007fff4c7ca000 	C:\WINDOWS\SYSTEM32\VERSION.dll
0x00007fff5b8f0000 - 0x00007fff5b91a000 	C:\WINDOWS\SYSTEM32\winmmbase.dll
0x00007fff5ec30000 - 0x00007fff5ec79000 	C:\WINDOWS\System32\cfgmgr32.dll
0x0000000074a00000 - 0x0000000074a0f000 	C:\Program Files\Java\jre1.8.0_191\bin\verify.dll
0x00000000749d0000 - 0x00000000749f9000 	C:\Program Files\Java\jre1.8.0_191\bin\java.dll
0x00000000749b0000 - 0x00000000749c6000 	C:\Program Files\Java\jre1.8.0_191\bin\zip.dll
0x00007fff608a0000 - 0x00007fff61cdf000 	C:\WINDOWS\System32\SHELL32.dll
0x00007fff61e60000 - 0x00007fff61f09000 	C:\WINDOWS\System32\shcore.dll
0x00007fff5f330000 - 0x00007fff5fa3d000 	C:\WINDOWS\System32\windows.storage.dll
0x00007fff623b0000 - 0x00007fff62401000 	C:\WINDOWS\System32\shlwapi.dll
0x00007fff5ea10000 - 0x00007fff5ea21000 	C:\WINDOWS\System32\kernel.appcore.dll
0x00007fff5e9c0000 - 0x00007fff5e9df000 	C:\WINDOWS\System32\profapi.dll
0x00007fff5ea30000 - 0x00007fff5ea7c000 	C:\WINDOWS\System32\powrprof.dll
0x00007fff5e9e0000 - 0x00007fff5e9ea000 	C:\WINDOWS\System32\FLTLIB.DLL
0x0000000000f50000 - 0x0000000000f53000 	C:\Program Files\Java\jre1.8.0_191\bin\api-ms-win-core-console-l1-1-0.dll
0x0000000000f60000 - 0x0000000000f63000 	C:\Program Files\Java\jre1.8.0_191\bin\api-ms-win-core-datetime-l1-1-0.dll
0x0000000000f70000 - 0x0000000000f73000 	C:\Program Files\Java\jre1.8.0_191\bin\api-ms-win-core-debug-l1-1-0.dll
0x0000000000f80000 - 0x0000000000f83000 	C:\Program Files\Java\jre1.8.0_191\bin\api-ms-win-core-errorhandling-l1-1-0.dll
0x0000000019550000 - 0x0000000019554000 	C:\Program Files\Java\jre1.8.0_191\bin\api-ms-win-core-file-l1-1-0.dll
0x0000000019560000 - 0x0000000019563000 	C:\Program Files\Java\jre1.8.0_191\bin\api-ms-win-core-file-l1-2-0.dll
0x0000000019570000 - 0x0000000019573000 	C:\Program Files\Java\jre1.8.0_191\bin\api-ms-win-core-file-l2-1-0.dll
0x0000000019580000 - 0x0000000019583000 	C:\Program Files\Java\jre1.8.0_191\bin\api-ms-win-core-handle-l1-1-0.dll
0x0000000019590000 - 0x0000000019593000 	C:\Program Files\Java\jre1.8.0_191\bin\api-ms-win-core-heap-l1-1-0.dll
0x00000000195a0000 - 0x00000000195a3000 	C:\Program Files\Java\jre1.8.0_191\bin\api-ms-win-core-interlocked-l1-1-0.dll
0x00000000195b0000 - 0x00000000195b3000 	C:\Program Files\Java\jre1.8.0_191\bin\api-ms-win-core-libraryloader-l1-1-0.dll
0x00000000195c0000 - 0x00000000195c3000 	C:\Program Files\Java\jre1.8.0_191\bin\api-ms-win-core-localization-l1-2-0.dll
0x00000000195d0000 - 0x00000000195d3000 	C:\Program Files\Java\jre1.8.0_191\bin\api-ms-win-core-memory-l1-1-0.dll
0x00000000195e0000 - 0x00000000195e3000 	C:\Program Files\Java\jre1.8.0_191\bin\api-ms-win-core-namedpipe-l1-1-0.dll
0x00000000195f0000 - 0x00000000195f3000 	C:\Program Files\Java\jre1.8.0_191\bin\api-ms-win-core-processenvironment-l1-1-0.dll
0x0000000019600000 - 0x0000000019603000 	C:\Program Files\Java\jre1.8.0_191\bin\api-ms-win-core-processthreads-l1-1-0.dll
0x0000000019610000 - 0x0000000019613000 	C:\Program Files\Java\jre1.8.0_191\bin\api-ms-win-core-processthreads-l1-1-1.dll
0x0000000019620000 - 0x0000000019623000 	C:\Program Files\Java\jre1.8.0_191\bin\api-ms-win-core-profile-l1-1-0.dll
0x0000000019630000 - 0x0000000019633000 	C:\Program Files\Java\jre1.8.0_191\bin\api-ms-win-core-rtlsupport-l1-1-0.dll
0x0000000019640000 - 0x0000000019643000 	C:\Program Files\Java\jre1.8.0_191\bin\api-ms-win-core-string-l1-1-0.dll
0x0000000019650000 - 0x0000000019653000 	C:\Program Files\Java\jre1.8.0_191\bin\api-ms-win-core-synch-l1-1-0.dll
0x0000000019660000 - 0x0000000019663000 	C:\Program Files\Java\jre1.8.0_191\bin\api-ms-win-core-synch-l1-2-0.dll
0x0000000019670000 - 0x0000000019673000 	C:\Program Files\Java\jre1.8.0_191\bin\api-ms-win-core-sysinfo-l1-1-0.dll
0x0000000019680000 - 0x0000000019683000 	C:\Program Files\Java\jre1.8.0_191\bin\api-ms-win-core-timezone-l1-1-0.dll
0x0000000019690000 - 0x0000000019693000 	C:\Program Files\Java\jre1.8.0_191\bin\api-ms-win-core-util-l1-1-0.dll
0x00000000196a0000 - 0x00000000196a3000 	C:\Program Files\Java\jre1.8.0_191\bin\api-ms-win-crt-conio-l1-1-0.dll
0x00000000196b0000 - 0x00000000196b4000 	C:\Program Files\Java\jre1.8.0_191\bin\api-ms-win-crt-convert-l1-1-0.dll
0x00000000196c0000 - 0x00000000196c3000 	C:\Program Files\Java\jre1.8.0_191\bin\api-ms-win-crt-environment-l1-1-0.dll
0x00000000196d0000 - 0x00000000196d3000 	C:\Program Files\Java\jre1.8.0_191\bin\api-ms-win-crt-filesystem-l1-1-0.dll
0x00000000196e0000 - 0x00000000196e3000 	C:\Program Files\Java\jre1.8.0_191\bin\api-ms-win-crt-heap-l1-1-0.dll
0x00000000196f0000 - 0x00000000196f3000 	C:\Program Files\Java\jre1.8.0_191\bin\api-ms-win-crt-locale-l1-1-0.dll
0x0000000019700000 - 0x0000000019705000 	C:\Program Files\Java\jre1.8.0_191\bin\api-ms-win-crt-math-l1-1-0.dll
0x0000000019710000 - 0x0000000019715000 	C:\Program Files\Java\jre1.8.0_191\bin\api-ms-win-crt-multibyte-l1-1-0.dll
0x0000000019720000 - 0x0000000019730000 	C:\Program Files\Java\jre1.8.0_191\bin\api-ms-win-crt-private-l1-1-0.dll
0x0000000019730000 - 0x0000000019733000 	C:\Program Files\Java\jre1.8.0_191\bin\api-ms-win-crt-process-l1-1-0.dll
0x0000000019740000 - 0x0000000019744000 	C:\Program Files\Java\jre1.8.0_191\bin\api-ms-win-crt-runtime-l1-1-0.dll
0x0000000019750000 - 0x0000000019754000 	C:\Program Files\Java\jre1.8.0_191\bin\api-ms-win-crt-stdio-l1-1-0.dll
0x0000000019760000 - 0x0000000019764000 	C:\Program Files\Java\jre1.8.0_191\bin\api-ms-win-crt-string-l1-1-0.dll
0x0000000019770000 - 0x0000000019773000 	C:\Program Files\Java\jre1.8.0_191\bin\api-ms-win-crt-time-l1-1-0.dll
0x0000000019780000 - 0x0000000019783000 	C:\Program Files\Java\jre1.8.0_191\bin\api-ms-win-crt-utility-l1-1-0.dll
0x00007fff221c0000 - 0x00007fff222b6000 	C:\Program Files\Java\jre1.8.0_191\bin\ucrtbase.dll
0x00007fff54cd0000 - 0x00007fff54ce6000 	C:\Program Files\Java\jre1.8.0_191\bin\vcruntime140.dll
0x00007fff3ef70000 - 0x00007fff3f00c000 	C:\Program Files\Java\jre1.8.0_191\bin\msvcp140.dll
0x00007fff34150000 - 0x00007fff341a1000 	C:\Program Files\Java\jre1.8.0_191\bin\concrt140.dll
0x0000000073420000 - 0x0000000073443000 	C:\Program Files\Java\jre1.8.0_191\bin\prism_d3d.dll
0x00007fff0d260000 - 0x00007fff0d3f7000 	C:\WINDOWS\system32\d3d9.dll
0x00007fff5ca90000 - 0x00007fff5cab9000 	C:\WINDOWS\SYSTEM32\dwmapi.dll
0x00007fff5c640000 - 0x00007fff5c6d8000 	C:\WINDOWS\system32\uxtheme.dll
0x00007ffef5840000 - 0x00007ffef954b000 	C:\WINDOWS\System32\DriverStore\FileRepository\igdlh64.inf_amd64_09afa4e14ee4fad2\igdumdim64.dll
0x00007fff5fbc0000 - 0x00007fff6000b000 	C:\WINDOWS\System32\SETUPAPI.dll
0x00007fff606d0000 - 0x00007fff60821000 	C:\WINDOWS\System32\ole32.dll
0x00007fff601a0000 - 0x00007fff60262000 	C:\WINDOWS\System32\OLEAUT32.dll
0x00000000733d0000 - 0x0000000073419000 	C:\Program Files\Java\jre1.8.0_191\bin\glass.dll
0x00007fff60090000 - 0x00007fff6017d000 	C:\WINDOWS\System32\COMDLG32.dll
0x00007fff61fe0000 - 0x00007fff62154000 	C:\WINDOWS\System32\MSCTF.dll
0x00007fff55c10000 - 0x00007fff5721c000 	C:\WINDOWS\System32\DriverStore\FileRepository\igdlh64.inf_amd64_09afa4e14ee4fad2\igc64.dll
0x00000000733b0000 - 0x00000000733c4000 	C:\Program Files\Java\jre1.8.0_191\bin\javafx_font.dll
0x00007fff4e180000 - 0x00007fff4e49c000 	C:\WINDOWS\SYSTEM32\dwrite.dll
0x00007fff62440000 - 0x00007fff624e0000 	C:\WINDOWS\System32\clbcatq.dll
0x00007fff5a2a0000 - 0x00007fff5a44e000 	C:\WINDOWS\SYSTEM32\WindowsCodecs.dll
0x00007fff31670000 - 0x00007fff316c8000 	C:\WINDOWS\system32\dataexchange.dll
0x00007fff5b720000 - 0x00007fff5b8bc000 	C:\WINDOWS\system32\dcomp.dll
0x00007fff5a780000 - 0x00007fff5aa8b000 	C:\WINDOWS\system32\d3d11.dll
0x00007fff5d780000 - 0x00007fff5d83b000 	C:\WINDOWS\system32\dxgi.dll
0x00007fff5cc20000 - 0x00007fff5cdd8000 	C:\WINDOWS\system32\twinapi.appcore.dll
0x00007fff5cb70000 - 0x00007fff5cb91000 	C:\WINDOWS\system32\RMCLIENT.dll
0x00007fff597d0000 - 0x00007fff59804000 	C:\Program Files\Common Files\Microsoft Shared\Ink\rtscom.dll
0x00007fff4fcb0000 - 0x00007fff4fd47000 	C:\WINDOWS\System32\TextInputFramework.dll
0x00007fff5b640000 - 0x00007fff5b71a000 	C:\WINDOWS\System32\CoreMessaging.dll
0x00007fff59dc0000 - 0x00007fff5a0de000 	C:\WINDOWS\System32\CoreUIComponents.dll
0x00007fff5dae0000 - 0x00007fff5db11000 	C:\WINDOWS\SYSTEM32\ntmarta.dll
0x00007fff59c70000 - 0x00007fff59dbd000 	C:\WINDOWS\SYSTEM32\wintypes.dll
0x00007fff31bb0000 - 0x00007fff31c1b000 	C:\WINDOWS\system32\Oleacc.dll
0x0000000073210000 - 0x00000000733a9000 	C:\Program Files\Java\jre1.8.0_191\bin\awt.dll
0x00007fff5c220000 - 0x00007fff5c2ab000 	C:\WINDOWS\SYSTEM32\apphelp.dll
0x00007fff5e390000 - 0x00007fff5e3a7000 	C:\WINDOWS\SYSTEM32\CRYPTSP.dll
0x00007fff5ddc0000 - 0x00007fff5ddf3000 	C:\WINDOWS\system32\rsaenh.dll
0x00007fff5e4c0000 - 0x00007fff5e4e5000 	C:\WINDOWS\SYSTEM32\bcrypt.dll
0x00007fff5e8f0000 - 0x00007fff5e918000 	C:\WINDOWS\SYSTEM32\USERENV.dll
0x00007fff5e3b0000 - 0x00007fff5e3bb000 	C:\WINDOWS\SYSTEM32\CRYPTBASE.dll
0x00000000745d0000 - 0x00000000745ea000 	C:\Program Files\Java\jre1.8.0_191\bin\net.dll
0x00007fff5e1e0000 - 0x00007fff5e246000 	C:\WINDOWS\system32\mswsock.dll
0x00007fff5df60000 - 0x00007fff5df98000 	C:\WINDOWS\SYSTEM32\IPHLPAPI.DLL
0x00007fff5fb40000 - 0x00007fff5fb48000 	C:\WINDOWS\System32\NSI.dll
0x00007fff53e80000 - 0x00007fff53e96000 	C:\WINDOWS\SYSTEM32\dhcpcsvc6.DLL
0x00007fff54380000 - 0x00007fff5439a000 	C:\WINDOWS\SYSTEM32\dhcpcsvc.DLL
0x00000000745b0000 - 0x00000000745c1000 	C:\Program Files\Java\jre1.8.0_191\bin\nio.dll
0x00000000731c0000 - 0x0000000073207000 	C:\Program Files\Java\jre1.8.0_191\bin\fontmanager.dll
0x0000000073170000 - 0x00000000731b2000 	C:\Program Files\Java\jre1.8.0_191\bin\t2k.dll
0x0000000073150000 - 0x0000000073162000 	C:\Program Files\Java\jre1.8.0_191\bin\prism_common.dll

VM Arguments:
jvm_args: -Dfile.encoding=Cp1252 
java_command: application.Main
java_class_path (initial): D:\workspaceDM\ROS-Optimization SW\bin;E:\eclipse-java-luna\eclipse\plugins\org.eclipse.fx.ide.css.jfx8_2.0.0.201506111511.jar;C:\Users\navya\Desktop\OPTSW\jars\commons-codec-1.10.jar;C:\Users\navya\Desktop\OPTSW\jars\commons-collections4-4.1.jar;C:\Users\navya\Desktop\OPTSW\jars\commons-logging-1.2.jar;C:\Users\navya\Desktop\OPTSW\jars\curvesapi-1.04.jar;C:\Users\navya\Desktop\OPTSW\jars\fxgraphics2d-1.3.jar;C:\Users\navya\Desktop\OPTSW\jars\hamcrest-core-1.3.jar;C:\Users\navya\Desktop\OPTSW\jars\jfreesvg-3.0.jar;C:\Users\navya\Desktop\OPTSW\jars\jlatexmath-1.0.2.jar;C:\Users\navya\Desktop\OPTSW\jars\junit-4.11.jar;C:\Users\navya\Desktop\OPTSW\jars\junit-4.12.jar;C:\Users\navya\Desktop\OPTSW\jars\log4j-1.2.17.jar;C:\Users\navya\Desktop\OPTSW\jars\orsoncharts-1.5.jar;C:\Users\navya\Desktop\OPTSW\jars\orsoncharts-1.5-swing-demo.jar;C:\Users\navya\Desktop\OPTSW\jars\orsonpdf-1.7.jar;C:\Users\navya\Desktop\OPTSW\jars\poi-3.17.jar;C:\Users\navya\Desktop\OPTSW\jars\poi-examples-3.17.jar;C:\Users\navya\Desktop\OPTSW\jars\poi-excelant-3.17.jar;C:\Users\navya\Desktop\OPTSW\jars\poi-ooxml-3.17.jar;C:\Users\navya\Desktop\OPTSW\jars\poi-ooxml-schemas-3.17.jar;C:\Users\navya\Desktop\OPTSW\jars\poi-scratchpad-3.17.jar;C:\Users\navya\Desktop\OPTSW\jars\xmlbeans-2.6.0.jar
Launcher Type: SUN_STANDARD

Environment Variables:
JAVA_HOME=C:\Program Files\Java\jdk1.8.0_144;
JRE_HOME=C:\Program Files\Java\jre1.8.0_144;
PATH=C:/Program Files/Java/jre1.8.0_191/bin/server;C:/Program Files/Java/jre1.8.0_191/bin;C:/Program Files/Java/jre1.8.0_191/lib/amd64;C:\Program Files (x86)\Common Files\Oracle\Java\javapath;C:\ProgramData\Oracle\Java\javapath;C:\WINDOWS\system32;C:\WINDOWS;C:\WINDOWS\System32\Wbem;C:\WINDOWS\System32\WindowsPowerShell\v1.0\;C:\Program Files\Java\jdk1.8.0_144\bin;C:\Program Files\Java\jre1.8.0_144\bin;C:\Program Files (x86)\Microsoft SDKs\TypeScript\1.0\;C:\Program Files (x86)\Skype\Phone\;C:\MinGW\bin;C:\Python27;C:\Python27\Scripts;C:\Program Files\MiKTeX 2.9\miktex\bin\x64\;C:\Program Files\TortoiseSVN\bin;C:\Program Files\Microsoft SQL Server\Client SDK\ODBC\130\Tools\Binn\;C:\Program Files (x86)\Microsoft SQL Server\140\Tools\Binn\;C:\Program Files\Microsoft SQL Server\140\Tools\Binn\;C:\Program Files\Microsoft SQL Server\140\DTS\Binn\;C:\Program Files (x86)\Microsoft SQL Server\Client SDK\ODBC\130\Tools\Binn\;C:\Program Files (x86)\Microsoft SQL Server\140\DTS\Binn\;C:\Program Files (x86)\Microsoft SQL Server\140\Tools\Binn\ManagementStudio\;C:\WINDOWS\System32\OpenSSH\;C:\Program Files\Git\cmd;C:\Program Files (x86)\Common Files\Adobe\AGL;C:\Program Files\Microsoft OLE DB Provider for DB2\System\;C:\Users\navya\AppData\Local\Microsoft\WindowsApps;;E:\eclipse-java-luna\eclipse;
USERNAME=navya
OS=Windows_NT
PROCESSOR_IDENTIFIER=Intel64 Family 6 Model 142 Stepping 9, GenuineIntel



---------------  S Y S T E M  ---------------

OS: Windows 10.0 , 64 bit Build 17134 (10.0.17134.1)

CPU:total 4 (initial active 4) (2 cores per cpu, 2 threads per core) family 6 model 142 stepping 9, cmov, cx8, fxsr, mmx, sse, sse2, sse3, ssse3, sse4.1, sse4.2, popcnt, avx, avx2, aes, clmul, erms, 3dnowpref, lzcnt, ht, tsc, tscinvbit, bmi1, bmi2, adx

Memory: 4k page, physical 8227212k(555436k free), swap 21334280k(5204k free)

vm_info: Java HotSpot(TM) 64-Bit Server VM (25.191-b12) for windows-amd64 JRE (1.8.0_191-b12), built on Oct  6 2018 09:29:03 by "java_re" with MS VC++ 10.0 (VS2010)

time: Sun Nov 04 12:30:58 2018
elapsed time: 49 seconds (0d 0h 0m 49s)

