#
# There is insufficient memory for the Java Runtime Environment to continue.
# Native memory allocation (malloc) failed to allocate 456176 bytes for Chunk::new
# Possible reasons:
#   The system is out of physical RAM or swap space
#   In 32 bit mode, the process size limit was hit
# Possible solutions:
#   Reduce memory load on the system
#   Increase physical memory or swap space
#   Check if swap backing store is full
#   Use 64 bit Java on a 64 bit OS
#   Decrease Java heap size (-Xmx/-Xms)
#   Decrease number of Java threads
#   Decrease Java thread stack sizes (-Xss)
#   Set larger code cache with -XX:ReservedCodeCacheSize=
# This output file may be truncated or incomplete.
#
#  Out of Memory Error (allocation.cpp:390), pid=7820, tid=0x00000000000016d4
#
# JRE version: Java(TM) SE Runtime Environment (8.0_191-b12) (build 1.8.0_191-b12)
# Java VM: Java HotSpot(TM) 64-Bit Server VM (25.191-b12 mixed mode windows-amd64 compressed oops)
# Failed to write core dump. Minidumps are not enabled by default on client versions of Windows
#

---------------  T H R E A D  ---------------

Current thread (0x00000000170e1800):  JavaThread "C2 CompilerThread0" daemon [_thread_in_native, id=5844, stack(0x0000000018750000,0x0000000018850000)]

Stack: [0x0000000018750000,0x0000000018850000]
[error occurred during error reporting (printing stack bounds), id 0xc0000005]

Native frames: (J=compiled Java code, j=interpreted, Vv=VM code, C=native code)


Current CompileTask:
C2:  55370 5324   !   4       java.lang.ClassLoader::loadClass (122 bytes)


---------------  P R O C E S S  ---------------

Java Threads: ( => current thread )
  0x0000000023ca4000 JavaThread "AWT-EventQueue-0" [_thread_blocked, id=6324, stack(0x00000000302e0000,0x00000000303e0000)]
  0x0000000023ca7800 JavaThread "AWT-Windows" daemon [_thread_in_native, id=6276, stack(0x000000002c140000,0x000000002c240000)]
  0x0000000023ca2800 JavaThread "AWT-Shutdown" [_thread_blocked, id=9512, stack(0x000000002c040000,0x000000002c140000)]
  0x0000000023f84800 JavaThread "Java2D Disposer" daemon [_thread_blocked, id=436, stack(0x0000000024ae0000,0x0000000024be0000)]
  0x000000002076a000 JavaThread "Prism Font Disposer" daemon [_thread_blocked, id=20656, stack(0x0000000023010000,0x0000000023110000)]
  0x000000002039f000 JavaThread "JavaFX-Launcher" [_thread_blocked, id=9136, stack(0x0000000020b20000,0x0000000020c20000)]
  0x00000000202ab800 JavaThread "Thread-2" daemon [_thread_in_native, id=22556, stack(0x0000000020a20000,0x0000000020b20000)]
  0x0000000018e34000 JavaThread "JavaFX Application Thread" [_thread_in_Java, id=20020, stack(0x0000000019480000,0x0000000019580000)]
  0x0000000018e29000 JavaThread "Thread-1" daemon [_thread_blocked, id=17180, stack(0x0000000019380000,0x0000000019480000)]
  0x0000000018dff800 JavaThread "QuantumRenderer-0" daemon [_thread_blocked, id=11908, stack(0x0000000019150000,0x0000000019250000)]
  0x0000000018a82800 JavaThread "Service Thread" daemon [_thread_blocked, id=23308, stack(0x0000000018e50000,0x0000000018f50000)]
  0x00000000170f4000 JavaThread "C1 CompilerThread2" daemon [_thread_in_vm, id=684, stack(0x0000000018950000,0x0000000018a50000)]
  0x00000000170f0000 JavaThread "C2 CompilerThread1" daemon [_thread_in_native, id=1076, stack(0x0000000018850000,0x0000000018950000)]
=>0x00000000170e1800 JavaThread "C2 CompilerThread0" daemon [_thread_in_native, id=5844, stack(0x0000000018750000,0x0000000018850000)]
  0x00000000170df800 JavaThread "Attach Listener" daemon [_thread_blocked, id=1224, stack(0x0000000018650000,0x0000000018750000)]
  0x00000000170de800 JavaThread "Signal Dispatcher" daemon [_thread_blocked, id=15888, stack(0x0000000018550000,0x0000000018650000)]
  0x000000000253c000 JavaThread "Finalizer" daemon [_thread_blocked, id=19020, stack(0x0000000018360000,0x0000000018460000)]
  0x0000000002531000 JavaThread "Reference Handler" daemon [_thread_blocked, id=17812, stack(0x0000000018260000,0x0000000018360000)]
  0x0000000002442800 JavaThread "main" [_thread_blocked, id=12012, stack(0x0000000002320000,0x0000000002420000)]

Other Threads:
  0x00000000170a7800 VMThread [stack: 0x0000000018160000,0x0000000018260000] [id=14700]
  0x0000000018aab000 WatcherThread [stack: 0x0000000018f50000,0x0000000019050000] [id=9404]

VM state:not at safepoint (normal execution)

VM Mutex/Monitor currently owned by a thread: None

Heap:
 PSYoungGen      total 273920K, used 38762K [0x00000000d6200000, 0x00000000e8080000, 0x0000000100000000)
  eden space 262656K, 14% used [0x00000000d6200000,0x00000000d863e5e8,0x00000000e6280000)
  from space 11264K, 14% used [0x00000000e6280000,0x00000000e641c250,0x00000000e6d80000)
  to   space 8704K, 0% used [0x00000000e7800000,0x00000000e7800000,0x00000000e8080000)
 ParOldGen       total 132096K, used 36502K [0x0000000082600000, 0x000000008a700000, 0x00000000d6200000)
  object space 132096K, 27% used [0x0000000082600000,0x00000000849a5840,0x000000008a700000)
 Metaspace       used 35680K, capacity 37300K, committed 37632K, reserved 1081344K
  class space    used 4996K, capacity 5285K, committed 5376K, reserved 1048576K

Card table byte_map: [0x00000000119f0000,0x0000000011de0000] byte_map_base: 0x00000000115dd000

Marking Bits: (ParMarkBitMap*) 0x0000000075313e30
 Begin Bits: [0x0000000012480000, 0x00000000143e8000)
 End Bits:   [0x00000000143e8000, 0x0000000016350000)

Polling page: 0x00000000001f0000

CodeCache: size=245760Kb used=14357Kb max_used=14911Kb free=231403Kb
 bounds [0x0000000002630000, 0x0000000003510000, 0x0000000011630000]
 total_blobs=5399 nmethods=4509 adapters=801
 compilation: enabled

Compilation events (10 events):
Event: 55.283 Thread 0x00000000170f4000 5330       3       javafx.scene.CssStyleHelper::resetToInitialValues (167 bytes)
Event: 55.287 Thread 0x00000000170f4000 nmethod 5330 0x000000000327ad10 code [0x000000000327afa0, 0x000000000327c1c8]
Event: 55.320 Thread 0x00000000170f4000 5331       3       com.sun.javafx.geom.transform.GeneralTransform3D::ortho (189 bytes)
Event: 55.321 Thread 0x00000000170f4000 nmethod 5331 0x00000000032ff3d0 code [0x00000000032ff5c0, 0x00000000032ff988]
Event: 55.327 Thread 0x00000000170f4000 5332       3       javafx.scene.Node::pseudoClassStateChanged (59 bytes)
Event: 55.328 Thread 0x00000000170f4000 nmethod 5332 0x0000000003225290 code [0x0000000003225440, 0x0000000003225a78]
Event: 55.340 Thread 0x00000000170f4000 5333       3       javafx.scene.CssStyleHelper$CacheContainer::access$102 (7 bytes)
Event: 55.341 Thread 0x00000000170f4000 nmethod 5333 0x0000000003224f50 code [0x00000000032250a0, 0x00000000032251f0]
Event: 55.341 Thread 0x00000000170f4000 5334       3       javafx.scene.CssStyleHelper::createStyleHelper (290 bytes)
Event: 55.348 Thread 0x00000000170f4000 nmethod 5334 0x00000000029b2050 code [0x00000000029b2380, 0x00000000029b3bf8]

GC Heap History (10 events):
Event: 49.008 GC heap before
{Heap before GC invocations=27 (full 2):
 PSYoungGen      total 273408K, used 266193K [0x00000000d6200000, 0x00000000e7880000, 0x0000000100000000)
  eden space 262656K, 100% used [0x00000000d6200000,0x00000000e6280000,0x00000000e6280000)
  from space 10752K, 32% used [0x00000000e6e00000,0x00000000e71746f0,0x00000000e7880000)
  to   space 11264K, 0% used [0x00000000e6280000,0x00000000e6280000,0x00000000e6d80000)
 ParOldGen       total 132096K, used 36486K [0x0000000082600000, 0x000000008a700000, 0x00000000d6200000)
  object space 132096K, 27% used [0x0000000082600000,0x00000000849a1840,0x000000008a700000)
 Metaspace       used 35196K, capacity 36808K, committed 37248K, reserved 1081344K
  class space    used 4873K, capacity 5149K, committed 5248K, reserved 1048576K
Event: 49.018 GC heap after
Heap after GC invocations=27 (full 2):
 PSYoungGen      total 273920K, used 2561K [0x00000000d6200000, 0x00000000e7880000, 0x0000000100000000)
  eden space 262656K, 0% used [0x00000000d6200000,0x00000000d6200000,0x00000000e6280000)
  from space 11264K, 22% used [0x00000000e6280000,0x00000000e65004a0,0x00000000e6d80000)
  to   space 10752K, 0% used [0x00000000e6e00000,0x00000000e6e00000,0x00000000e7880000)
 ParOldGen       total 132096K, used 36486K [0x0000000082600000, 0x000000008a700000, 0x00000000d6200000)
  object space 132096K, 27% used [0x0000000082600000,0x00000000849a1840,0x000000008a700000)
 Metaspace       used 35196K, capacity 36808K, committed 37248K, reserved 1081344K
  class space    used 4873K, capacity 5149K, committed 5248K, reserved 1048576K
}
Event: 50.614 GC heap before
{Heap before GC invocations=28 (full 2):
 PSYoungGen      total 273920K, used 265217K [0x00000000d6200000, 0x00000000e7880000, 0x0000000100000000)
  eden space 262656K, 100% used [0x00000000d6200000,0x00000000e6280000,0x00000000e6280000)
  from space 11264K, 22% used [0x00000000e6280000,0x00000000e65004a0,0x00000000e6d80000)
  to   space 10752K, 0% used [0x00000000e6e00000,0x00000000e6e00000,0x00000000e7880000)
 ParOldGen       total 132096K, used 36486K [0x0000000082600000, 0x000000008a700000, 0x00000000d6200000)
  object space 132096K, 27% used [0x0000000082600000,0x00000000849a1840,0x000000008a700000)
 Metaspace       used 35196K, capacity 36808K, committed 37248K, reserved 1081344K
  class space    used 4873K, capacity 5149K, committed 5248K, reserved 1048576K
Event: 50.625 GC heap after
Heap after GC invocations=28 (full 2):
 PSYoungGen      total 273408K, used 1584K [0x00000000d6200000, 0x00000000e7880000, 0x0000000100000000)
  eden space 262656K, 0% used [0x00000000d6200000,0x00000000d6200000,0x00000000e6280000)
  from space 10752K, 14% used [0x00000000e6e00000,0x00000000e6f8c250,0x00000000e7880000)
  to   space 11264K, 0% used [0x00000000e6280000,0x00000000e6280000,0x00000000e6d80000)
 ParOldGen       total 132096K, used 36486K [0x0000000082600000, 0x000000008a700000, 0x00000000d6200000)
  object space 132096K, 27% used [0x0000000082600000,0x00000000849a1840,0x000000008a700000)
 Metaspace       used 35196K, capacity 36808K, committed 37248K, reserved 1081344K
  class space    used 4873K, capacity 5149K, committed 5248K, reserved 1048576K
}
Event: 52.196 GC heap before
{Heap before GC invocations=29 (full 2):
 PSYoungGen      total 273408K, used 264240K [0x00000000d6200000, 0x00000000e7880000, 0x0000000100000000)
  eden space 262656K, 100% used [0x00000000d6200000,0x00000000e6280000,0x00000000e6280000)
  from space 10752K, 14% used [0x00000000e6e00000,0x00000000e6f8c250,0x00000000e7880000)
  to   space 11264K, 0% used [0x00000000e6280000,0x00000000e6280000,0x00000000e6d80000)
 ParOldGen       total 132096K, used 36486K [0x0000000082600000, 0x000000008a700000, 0x00000000d6200000)
  object space 132096K, 27% used [0x0000000082600000,0x00000000849a1840,0x000000008a700000)
 Metaspace       used 35211K, capacity 36814K, committed 37248K, reserved 1081344K
  class space    used 4874K, capacity 5150K, committed 5248K, reserved 1048576K
Event: 52.200 GC heap after
Heap after GC invocations=29 (full 2):
 PSYoungGen      total 273920K, used 1648K [0x00000000d6200000, 0x00000000e7880000, 0x0000000100000000)
  eden space 262656K, 0% used [0x00000000d6200000,0x00000000d6200000,0x00000000e6280000)
  from space 11264K, 14% used [0x00000000e6280000,0x00000000e641c250,0x00000000e6d80000)
  to   space 10752K, 0% used [0x00000000e6e00000,0x00000000e6e00000,0x00000000e7880000)
 ParOldGen       total 132096K, used 36494K [0x0000000082600000, 0x000000008a700000, 0x00000000d6200000)
  object space 132096K, 27% used [0x0000000082600000,0x00000000849a3840,0x000000008a700000)
 Metaspace       used 35211K, capacity 36814K, committed 37248K, reserved 1081344K
  class space    used 4874K, capacity 5150K, committed 5248K, reserved 1048576K
}
Event: 53.620 GC heap before
{Heap before GC invocations=30 (full 2):
 PSYoungGen      total 273920K, used 264304K [0x00000000d6200000, 0x00000000e7880000, 0x0000000100000000)
  eden space 262656K, 100% used [0x00000000d6200000,0x00000000e6280000,0x00000000e6280000)
  from space 11264K, 14% used [0x00000000e6280000,0x00000000e641c250,0x00000000e6d80000)
  to   space 10752K, 0% used [0x00000000e6e00000,0x00000000e6e00000,0x00000000e7880000)
 ParOldGen       total 132096K, used 36494K [0x0000000082600000, 0x000000008a700000, 0x00000000d6200000)
  object space 132096K, 27% used [0x0000000082600000,0x00000000849a3840,0x000000008a700000)
 Metaspace       used 35211K, capacity 36814K, committed 37248K, reserved 1081344K
  class space    used 4874K, capacity 5150K, committed 5248K, reserved 1048576K
Event: 53.625 GC heap after
Heap after GC invocations=30 (full 2):
 PSYoungGen      total 273408K, used 1648K [0x00000000d6200000, 0x00000000e7880000, 0x0000000100000000)
  eden space 262656K, 0% used [0x00000000d6200000,0x00000000d6200000,0x00000000e6280000)
  from space 10752K, 15% used [0x00000000e6e00000,0x00000000e6f9c250,0x00000000e7880000)
  to   space 11264K, 0% used [0x00000000e6280000,0x00000000e6280000,0x00000000e6d80000)
 ParOldGen       total 132096K, used 36502K [0x0000000082600000, 0x000000008a700000, 0x00000000d6200000)
  object space 132096K, 27% used [0x0000000082600000,0x00000000849a5840,0x000000008a700000)
 Metaspace       used 35211K, capacity 36814K, committed 37248K, reserved 1081344K
  class space    used 4874K, capacity 5150K, committed 5248K, reserved 1048576K
}
Event: 54.973 GC heap before
{Heap before GC invocations=31 (full 2):
 PSYoungGen      total 273408K, used 264304K [0x00000000d6200000, 0x00000000e7880000, 0x0000000100000000)
  eden space 262656K, 100% used [0x00000000d6200000,0x00000000e6280000,0x00000000e6280000)
  from space 10752K, 15% used [0x00000000e6e00000,0x00000000e6f9c250,0x00000000e7880000)
  to   space 11264K, 0% used [0x00000000e6280000,0x00000000e6280000,0x00000000e6d80000)
 ParOldGen       total 132096K, used 36502K [0x0000000082600000, 0x000000008a700000, 0x00000000d6200000)
  object space 132096K, 27% used [0x0000000082600000,0x00000000849a5840,0x000000008a700000)
 Metaspace       used 35211K, capacity 36814K, committed 37248K, reserved 1081344K
  class space    used 4874K, capacity 5150K, committed 5248K, reserved 1048576K
Event: 54.977 GC heap after
Heap after GC invocations=31 (full 2):
 PSYoungGen      total 273920K, used 1648K [0x00000000d6200000, 0x00000000e8080000, 0x0000000100000000)
  eden space 262656K, 0% used [0x00000000d6200000,0x00000000d6200000,0x00000000e6280000)
  from space 11264K, 14% used [0x00000000e6280000,0x00000000e641c250,0x00000000e6d80000)
  to   space 8704K, 0% used [0x00000000e7800000,0x00000000e7800000,0x00000000e8080000)
 ParOldGen       total 132096K, used 36502K [0x0000000082600000, 0x000000008a700000, 0x00000000d6200000)
  object space 132096K, 27% used [0x0000000082600000,0x00000000849a5840,0x000000008a700000)
 Metaspace       used 35211K, capacity 36814K, committed 37248K, reserved 1081344K
  class space    used 4874K, capacity 5150K, committed 5248K, reserved 1048576K
}

Deoptimization events (10 events):
Event: 27.076 Thread 0x0000000018e34000 Uncommon trap: reason=bimorphic action=maybe_recompile pc=0x0000000002d92d0c method=java.util.regex.Pattern$Curly.match0(Ljava/util/regex/Matcher;IILjava/lang/CharSequence;)Z @ 141
Event: 32.105 Thread 0x0000000018e34000 Uncommon trap: reason=unstable_if action=reinterpret pc=0x000000000291ce48 method=java.lang.AbstractStringBuilder.append(Ljava/lang/String;)Ljava/lang/AbstractStringBuilder; @ 1
Event: 32.108 Thread 0x0000000018e34000 Uncommon trap: reason=unstable_if action=reinterpret pc=0x0000000002838c88 method=java.lang.AbstractStringBuilder.append(Ljava/lang/String;)Ljava/lang/AbstractStringBuilder; @ 1
Event: 32.764 Thread 0x0000000018e34000 Uncommon trap: reason=unstable_if action=reinterpret pc=0x000000000333bd54 method=sun.util.logging.PlatformLogger.isLoggable(Lsun/util/logging/PlatformLogger$Level;)Z @ 18
Event: 33.007 Thread 0x0000000023ca4000 Uncommon trap: reason=unstable_if action=reinterpret pc=0x0000000002c50fd8 method=java.lang.ThreadLocal.get()Ljava/lang/Object; @ 11
Event: 33.262 Thread 0x0000000023ca4000 Uncommon trap: reason=class_check action=maybe_recompile pc=0x0000000002b1fce8 method=java.util.regex.Pattern$CharProperty.match(Ljava/util/regex/Matcher;ILjava/lang/CharSequence;)Z @ 37
Event: 55.262 Thread 0x0000000018e34000 Uncommon trap: reason=unstable_if action=reinterpret pc=0x0000000002ebef58 method=javafx.scene.CssStyleHelper.canReuseStyleHelper(Ljavafx/scene/Node;Lcom/sun/javafx/css/StyleMap;)Z @ 64
Event: 55.304 Thread 0x0000000018e34000 Uncommon trap: reason=unstable_if action=reinterpret pc=0x00000000033cd6dc method=sun.util.logging.PlatformLogger.isLoggable(Lsun/util/logging/PlatformLogger$Level;)Z @ 18
Event: 55.349 Thread 0x0000000018e34000 Uncommon trap: reason=unstable_if action=reinterpret pc=0x00000000034da388 method=com.sun.javafx.css.StyleManager$CacheContainer.getStyleCache()Ljava/util/Map; @ 4
Event: 55.350 Thread 0x0000000018e34000 Uncommon trap: reason=null_check action=make_not_entrant pc=0x00000000034b712c method=javafx.scene.CssStyleHelper.getCachedFont(Ljavafx/css/Styleable;)Lcom/sun/javafx/css/CalculatedValue; @ 1

Classes redefined (0 events):
No events

Internal exceptions (10 events):
Event: 22.266 Thread 0x0000000018e34000 Implicit null exception at 0x0000000002f3c0b0 to 0x0000000002f3c11d
Event: 22.398 Thread 0x0000000018e34000 Implicit null exception at 0x0000000002a56c9e to 0x0000000002a56e21
Event: 22.399 Thread 0x0000000018e34000 Implicit null exception at 0x0000000002a97042 to 0x0000000002a97255
Event: 22.407 Thread 0x0000000018e34000 Implicit null exception at 0x0000000002a9b342 to 0x0000000002a9b555
Event: 22.472 Thread 0x0000000018e34000 Implicit null exception at 0x0000000003048973 to 0x0000000003048de1
Event: 32.105 Thread 0x0000000018e34000 Implicit null exception at 0x000000000291ca96 to 0x000000000291ce31
Event: 32.108 Thread 0x0000000018e34000 Implicit null exception at 0x00000000028388d6 to 0x0000000002838c71
Event: 33.007 Thread 0x0000000023ca4000 Implicit null exception at 0x0000000002c4e911 to 0x0000000002c50fb5
Event: 55.349 Thread 0x0000000018e34000 Implicit null exception at 0x00000000034d1513 to 0x00000000034da379
Event: 55.350 Thread 0x0000000018e34000 Implicit null exception at 0x00000000034afa5c to 0x00000000034b70b5

Events (10 events):
Event: 55.302 loading class javafx/scene/chart/Chart$StyleableProperties$3 done
Event: 55.304 Thread 0x0000000018e34000 Uncommon trap: trap_request=0xffffff65 fr.pc=0x00000000033cd6dc
Event: 55.304 Thread 0x0000000018e34000 DEOPT PACKING pc=0x00000000033cd6dc sp=0x000000001957c340
Event: 55.304 Thread 0x0000000018e34000 DEOPT UNPACKING pc=0x000000000267583b sp=0x000000001957c2f8 mode 2
Event: 55.349 Thread 0x0000000018e34000 Uncommon trap: trap_request=0xffffff65 fr.pc=0x00000000034da388
Event: 55.349 Thread 0x0000000018e34000 DEOPT PACKING pc=0x00000000034da388 sp=0x000000001957c110
Event: 55.349 Thread 0x0000000018e34000 DEOPT UNPACKING pc=0x000000000267583b sp=0x000000001957bf70 mode 2
Event: 55.350 Thread 0x0000000018e34000 Uncommon trap: trap_request=0xfffffff4 fr.pc=0x00000000034b712c
Event: 55.350 Thread 0x0000000018e34000 DEOPT PACKING pc=0x00000000034b712c sp=0x000000001957bf80
Event: 55.350 Thread 0x0000000018e34000 DEOPT UNPACKING pc=0x000000000267583b sp=0x000000001957bf08 mode 2


Dynamic libraries:
0x00007ff7e7930000 - 0x00007ff7e7967000 	C:\Program Files\Java\jre1.8.0_191\bin\javaw.exe
0x00007fff626e0000 - 0x00007fff628c1000 	C:\WINDOWS\SYSTEM32\ntdll.dll
0x00007fff62160000 - 0x00007fff62212000 	C:\WINDOWS\System32\KERNEL32.DLL
0x00007fff5ee20000 - 0x00007fff5f093000 	C:\WINDOWS\System32\KERNELBASE.dll
0x00007fff61d40000 - 0x00007fff61de1000 	C:\WINDOWS\System32\ADVAPI32.dll
0x00007fff61f40000 - 0x00007fff61fde000 	C:\WINDOWS\System32\msvcrt.dll
0x00007fff61ce0000 - 0x00007fff61d3b000 	C:\WINDOWS\System32\sechost.dll
0x00007fff60270000 - 0x00007fff60394000 	C:\WINDOWS\System32\RPCRT4.dll
0x00007fff62220000 - 0x00007fff623b0000 	C:\WINDOWS\System32\USER32.dll
0x00007fff5f0a0000 - 0x00007fff5f0c0000 	C:\WINDOWS\System32\win32u.dll
0x00007fff61f10000 - 0x00007fff61f38000 	C:\WINDOWS\System32\GDI32.dll
0x00007fff5ec80000 - 0x00007fff5ee12000 	C:\WINDOWS\System32\gdi32full.dll
0x00007fff5fa40000 - 0x00007fff5fadf000 	C:\WINDOWS\System32\msvcp_win.dll
0x00007fff5ea80000 - 0x00007fff5eb7a000 	C:\WINDOWS\System32\ucrtbase.dll
0x00007fff47600000 - 0x00007fff47869000 	C:\WINDOWS\WinSxS\amd64_microsoft.windows.common-controls_6595b64144ccf1df_6.0.17134.345_none_fb429a5930656358\COMCTL32.dll
0x00007fff603a0000 - 0x00007fff606c3000 	C:\WINDOWS\System32\combase.dll
0x00007fff5f2b0000 - 0x00007fff5f32a000 	C:\WINDOWS\System32\bcryptPrimitives.dll
0x00007fff62410000 - 0x00007fff6243d000 	C:\WINDOWS\System32\IMM32.DLL
0x0000000073450000 - 0x0000000073522000 	C:\Program Files\Java\jre1.8.0_191\bin\msvcr100.dll
0x0000000074af0000 - 0x0000000075394000 	C:\Program Files\Java\jre1.8.0_191\bin\server\jvm.dll
0x00007fff5fb50000 - 0x00007fff5fb58000 	C:\WINDOWS\System32\PSAPI.DLL
0x00007fff5bc60000 - 0x00007fff5bc83000 	C:\WINDOWS\SYSTEM32\WINMM.dll
0x00007fff4c7c0000 - 0x00007fff4c7ca000 	C:\WINDOWS\SYSTEM32\VERSION.dll
0x00007fff4e610000 - 0x00007fff4e619000 	C:\WINDOWS\SYSTEM32\WSOCK32.dll
0x00007fff5b8f0000 - 0x00007fff5b91a000 	C:\WINDOWS\SYSTEM32\winmmbase.dll
0x00007fff5ec30000 - 0x00007fff5ec79000 	C:\WINDOWS\System32\cfgmgr32.dll
0x0000000000510000 - 0x000000000057c000 	C:\WINDOWS\System32\ws2_32.DLL
0x0000000074a00000 - 0x0000000074a0f000 	C:\Program Files\Java\jre1.8.0_191\bin\verify.dll
0x00000000749d0000 - 0x00000000749f9000 	C:\Program Files\Java\jre1.8.0_191\bin\java.dll
0x00000000749b0000 - 0x00000000749c6000 	C:\Program Files\Java\jre1.8.0_191\bin\zip.dll
0x00007fff608a0000 - 0x00007fff61cdf000 	C:\WINDOWS\System32\SHELL32.dll
0x00007fff61e60000 - 0x00007fff61f09000 	C:\WINDOWS\System32\shcore.dll
0x00007fff5f330000 - 0x00007fff5fa3d000 	C:\WINDOWS\System32\windows.storage.dll
0x00007fff623b0000 - 0x00007fff62401000 	C:\WINDOWS\System32\shlwapi.dll
0x00007fff5ea10000 - 0x00007fff5ea21000 	C:\WINDOWS\System32\kernel.appcore.dll
0x00007fff5e9c0000 - 0x00007fff5e9df000 	C:\WINDOWS\System32\profapi.dll
0x00007fff5ea30000 - 0x00007fff5ea7c000 	C:\WINDOWS\System32\powrprof.dll
0x00007fff5e9e0000 - 0x00007fff5e9ea000 	C:\WINDOWS\System32\FLTLIB.DLL
0x00000000009e0000 - 0x00000000009e3000 	C:\Program Files\Java\jre1.8.0_191\bin\api-ms-win-core-console-l1-1-0.dll
0x00000000009f0000 - 0x00000000009f3000 	C:\Program Files\Java\jre1.8.0_191\bin\api-ms-win-core-datetime-l1-1-0.dll
0x0000000000a00000 - 0x0000000000a03000 	C:\Program Files\Java\jre1.8.0_191\bin\api-ms-win-core-debug-l1-1-0.dll
0x0000000000a10000 - 0x0000000000a13000 	C:\Program Files\Java\jre1.8.0_191\bin\api-ms-win-core-errorhandling-l1-1-0.dll
0x0000000000a20000 - 0x0000000000a24000 	C:\Program Files\Java\jre1.8.0_191\bin\api-ms-win-core-file-l1-1-0.dll
0x0000000000a30000 - 0x0000000000a33000 	C:\Program Files\Java\jre1.8.0_191\bin\api-ms-win-core-file-l1-2-0.dll
0x0000000000a40000 - 0x0000000000a43000 	C:\Program Files\Java\jre1.8.0_191\bin\api-ms-win-core-file-l2-1-0.dll
0x0000000000a50000 - 0x0000000000a53000 	C:\Program Files\Java\jre1.8.0_191\bin\api-ms-win-core-handle-l1-1-0.dll
0x0000000000a60000 - 0x0000000000a63000 	C:\Program Files\Java\jre1.8.0_191\bin\api-ms-win-core-heap-l1-1-0.dll
0x0000000002420000 - 0x0000000002423000 	C:\Program Files\Java\jre1.8.0_191\bin\api-ms-win-core-interlocked-l1-1-0.dll
0x0000000002540000 - 0x0000000002543000 	C:\Program Files\Java\jre1.8.0_191\bin\api-ms-win-core-libraryloader-l1-1-0.dll
0x0000000002550000 - 0x0000000002553000 	C:\Program Files\Java\jre1.8.0_191\bin\api-ms-win-core-localization-l1-2-0.dll
0x0000000002560000 - 0x0000000002563000 	C:\Program Files\Java\jre1.8.0_191\bin\api-ms-win-core-memory-l1-1-0.dll
0x0000000002570000 - 0x0000000002573000 	C:\Program Files\Java\jre1.8.0_191\bin\api-ms-win-core-namedpipe-l1-1-0.dll
0x0000000002580000 - 0x0000000002583000 	C:\Program Files\Java\jre1.8.0_191\bin\api-ms-win-core-processenvironment-l1-1-0.dll
0x0000000002590000 - 0x0000000002593000 	C:\Program Files\Java\jre1.8.0_191\bin\api-ms-win-core-processthreads-l1-1-0.dll
0x00000000025a0000 - 0x00000000025a3000 	C:\Program Files\Java\jre1.8.0_191\bin\api-ms-win-core-processthreads-l1-1-1.dll
0x00000000025b0000 - 0x00000000025b3000 	C:\Program Files\Java\jre1.8.0_191\bin\api-ms-win-core-profile-l1-1-0.dll
0x00000000025c0000 - 0x00000000025c3000 	C:\Program Files\Java\jre1.8.0_191\bin\api-ms-win-core-rtlsupport-l1-1-0.dll
0x00000000025d0000 - 0x00000000025d3000 	C:\Program Files\Java\jre1.8.0_191\bin\api-ms-win-core-string-l1-1-0.dll
0x00000000025e0000 - 0x00000000025e3000 	C:\Program Files\Java\jre1.8.0_191\bin\api-ms-win-core-synch-l1-1-0.dll
0x00000000025f0000 - 0x00000000025f3000 	C:\Program Files\Java\jre1.8.0_191\bin\api-ms-win-core-synch-l1-2-0.dll
0x0000000002600000 - 0x0000000002603000 	C:\Program Files\Java\jre1.8.0_191\bin\api-ms-win-core-sysinfo-l1-1-0.dll
0x0000000002610000 - 0x0000000002613000 	C:\Program Files\Java\jre1.8.0_191\bin\api-ms-win-core-timezone-l1-1-0.dll
0x0000000019050000 - 0x0000000019053000 	C:\Program Files\Java\jre1.8.0_191\bin\api-ms-win-core-util-l1-1-0.dll
0x0000000019060000 - 0x0000000019063000 	C:\Program Files\Java\jre1.8.0_191\bin\api-ms-win-crt-conio-l1-1-0.dll
0x0000000019070000 - 0x0000000019074000 	C:\Program Files\Java\jre1.8.0_191\bin\api-ms-win-crt-convert-l1-1-0.dll
0x0000000019080000 - 0x0000000019083000 	C:\Program Files\Java\jre1.8.0_191\bin\api-ms-win-crt-environment-l1-1-0.dll
0x0000000019090000 - 0x0000000019093000 	C:\Program Files\Java\jre1.8.0_191\bin\api-ms-win-crt-filesystem-l1-1-0.dll
0x00000000190a0000 - 0x00000000190a3000 	C:\Program Files\Java\jre1.8.0_191\bin\api-ms-win-crt-heap-l1-1-0.dll
0x00000000190b0000 - 0x00000000190b3000 	C:\Program Files\Java\jre1.8.0_191\bin\api-ms-win-crt-locale-l1-1-0.dll
0x00000000190c0000 - 0x00000000190c5000 	C:\Program Files\Java\jre1.8.0_191\bin\api-ms-win-crt-math-l1-1-0.dll
0x00000000190d0000 - 0x00000000190d5000 	C:\Program Files\Java\jre1.8.0_191\bin\api-ms-win-crt-multibyte-l1-1-0.dll
0x00000000190e0000 - 0x00000000190f0000 	C:\Program Files\Java\jre1.8.0_191\bin\api-ms-win-crt-private-l1-1-0.dll
0x00000000190f0000 - 0x00000000190f3000 	C:\Program Files\Java\jre1.8.0_191\bin\api-ms-win-crt-process-l1-1-0.dll
0x0000000019100000 - 0x0000000019104000 	C:\Program Files\Java\jre1.8.0_191\bin\api-ms-win-crt-runtime-l1-1-0.dll
0x0000000019110000 - 0x0000000019114000 	C:\Program Files\Java\jre1.8.0_191\bin\api-ms-win-crt-stdio-l1-1-0.dll
0x0000000019120000 - 0x0000000019124000 	C:\Program Files\Java\jre1.8.0_191\bin\api-ms-win-crt-string-l1-1-0.dll
0x0000000019130000 - 0x0000000019133000 	C:\Program Files\Java\jre1.8.0_191\bin\api-ms-win-crt-time-l1-1-0.dll
0x0000000019140000 - 0x0000000019143000 	C:\Program Files\Java\jre1.8.0_191\bin\api-ms-win-crt-utility-l1-1-0.dll
0x00007fff221c0000 - 0x00007fff222b6000 	C:\Program Files\Java\jre1.8.0_191\bin\ucrtbase.dll
0x00007fff54cd0000 - 0x00007fff54ce6000 	C:\Program Files\Java\jre1.8.0_191\bin\vcruntime140.dll
0x00007fff3ef70000 - 0x00007fff3f00c000 	C:\Program Files\Java\jre1.8.0_191\bin\msvcp140.dll
0x00007fff34150000 - 0x00007fff341a1000 	C:\Program Files\Java\jre1.8.0_191\bin\concrt140.dll
0x0000000073420000 - 0x0000000073443000 	C:\Program Files\Java\jre1.8.0_191\bin\prism_d3d.dll
0x00007fff0d260000 - 0x00007fff0d3f7000 	C:\WINDOWS\system32\d3d9.dll
0x00007fff5ca90000 - 0x00007fff5cab9000 	C:\WINDOWS\SYSTEM32\dwmapi.dll
0x00007fff5c640000 - 0x00007fff5c6d8000 	C:\WINDOWS\system32\uxtheme.dll
0x00007fff04cd0000 - 0x00007fff089db000 	C:\WINDOWS\System32\DriverStore\FileRepository\igdlh64.inf_amd64_09afa4e14ee4fad2\igdumdim64.dll
0x00007fff5fbc0000 - 0x00007fff6000b000 	C:\WINDOWS\System32\SETUPAPI.dll
0x00007fff606d0000 - 0x00007fff60821000 	C:\WINDOWS\System32\ole32.dll
0x00007fff601a0000 - 0x00007fff60262000 	C:\WINDOWS\System32\OLEAUT32.dll
0x00000000733d0000 - 0x0000000073419000 	C:\Program Files\Java\jre1.8.0_191\bin\glass.dll
0x00007fff60090000 - 0x00007fff6017d000 	C:\WINDOWS\System32\COMDLG32.dll
0x00007fff61fe0000 - 0x00007fff62154000 	C:\WINDOWS\System32\MSCTF.dll
0x00007fff55c10000 - 0x00007fff5721c000 	C:\WINDOWS\System32\DriverStore\FileRepository\igdlh64.inf_amd64_09afa4e14ee4fad2\igc64.dll
0x00000000733b0000 - 0x00000000733c4000 	C:\Program Files\Java\jre1.8.0_191\bin\javafx_font.dll
0x00007fff4e180000 - 0x00007fff4e49c000 	C:\WINDOWS\SYSTEM32\dwrite.dll
0x00007fff62440000 - 0x00007fff624e0000 	C:\WINDOWS\System32\clbcatq.dll
0x00007fff5a2a0000 - 0x00007fff5a44e000 	C:\WINDOWS\SYSTEM32\WindowsCodecs.dll
0x00007fff31670000 - 0x00007fff316c8000 	C:\WINDOWS\system32\dataexchange.dll
0x00007fff5a780000 - 0x00007fff5aa8b000 	C:\WINDOWS\system32\d3d11.dll
0x00007fff5b720000 - 0x00007fff5b8bc000 	C:\WINDOWS\system32\dcomp.dll
0x00007fff5d780000 - 0x00007fff5d83b000 	C:\WINDOWS\system32\dxgi.dll
0x00007fff5cc20000 - 0x00007fff5cdd8000 	C:\WINDOWS\system32\twinapi.appcore.dll
0x00007fff5cb70000 - 0x00007fff5cb91000 	C:\WINDOWS\system32\RMCLIENT.dll
0x00007fff597d0000 - 0x00007fff59804000 	C:\Program Files\Common Files\Microsoft Shared\Ink\rtscom.dll
0x00007fff4fcb0000 - 0x00007fff4fd47000 	C:\WINDOWS\System32\TextInputFramework.dll
0x00007fff59dc0000 - 0x00007fff5a0de000 	C:\WINDOWS\System32\CoreUIComponents.dll
0x00007fff5b640000 - 0x00007fff5b71a000 	C:\WINDOWS\System32\CoreMessaging.dll
0x00007fff59c70000 - 0x00007fff59dbd000 	C:\WINDOWS\SYSTEM32\wintypes.dll
0x00007fff5dae0000 - 0x00007fff5db11000 	C:\WINDOWS\SYSTEM32\ntmarta.dll
0x00007fff31bb0000 - 0x00007fff31c1b000 	C:\WINDOWS\system32\Oleacc.dll
0x0000000073210000 - 0x00000000733a9000 	C:\Program Files\Java\jre1.8.0_191\bin\awt.dll
0x00007fff5c220000 - 0x00007fff5c2ab000 	C:\WINDOWS\SYSTEM32\apphelp.dll
0x00007fff5e390000 - 0x00007fff5e3a7000 	C:\WINDOWS\SYSTEM32\CRYPTSP.dll
0x00007fff5ddc0000 - 0x00007fff5ddf3000 	C:\WINDOWS\system32\rsaenh.dll
0x00007fff5e4c0000 - 0x00007fff5e4e5000 	C:\WINDOWS\SYSTEM32\bcrypt.dll
0x00007fff5e8f0000 - 0x00007fff5e918000 	C:\WINDOWS\SYSTEM32\USERENV.dll
0x00007fff5e3b0000 - 0x00007fff5e3bb000 	C:\WINDOWS\SYSTEM32\CRYPTBASE.dll
0x00000000745d0000 - 0x00000000745ea000 	C:\Program Files\Java\jre1.8.0_191\bin\net.dll
0x00007fff5e1e0000 - 0x00007fff5e246000 	C:\WINDOWS\system32\mswsock.dll
0x00007fff5df60000 - 0x00007fff5df98000 	C:\WINDOWS\SYSTEM32\IPHLPAPI.DLL
0x00007fff5fb40000 - 0x00007fff5fb48000 	C:\WINDOWS\System32\NSI.dll
0x00007fff53e80000 - 0x00007fff53e96000 	C:\WINDOWS\SYSTEM32\dhcpcsvc6.DLL
0x00007fff54380000 - 0x00007fff5439a000 	C:\WINDOWS\SYSTEM32\dhcpcsvc.DLL
0x00000000745b0000 - 0x00000000745c1000 	C:\Program Files\Java\jre1.8.0_191\bin\nio.dll
0x00000000731c0000 - 0x0000000073207000 	C:\Program Files\Java\jre1.8.0_191\bin\fontmanager.dll
0x0000000073170000 - 0x00000000731b2000 	C:\Program Files\Java\jre1.8.0_191\bin\t2k.dll
0x0000000073150000 - 0x0000000073162000 	C:\Program Files\Java\jre1.8.0_191\bin\prism_common.dll

VM Arguments:
jvm_args: -Dfile.encoding=Cp1252 
java_command: application.Main
java_class_path (initial): D:\workspaceDM\ROS-Optimization SW\bin;E:\eclipse-java-luna\eclipse\plugins\org.eclipse.fx.ide.css.jfx8_2.0.0.201506111511.jar;C:\Users\navya\Desktop\OPTSW\jars\commons-codec-1.10.jar;C:\Users\navya\Desktop\OPTSW\jars\commons-collections4-4.1.jar;C:\Users\navya\Desktop\OPTSW\jars\commons-logging-1.2.jar;C:\Users\navya\Desktop\OPTSW\jars\curvesapi-1.04.jar;C:\Users\navya\Desktop\OPTSW\jars\fxgraphics2d-1.3.jar;C:\Users\navya\Desktop\OPTSW\jars\hamcrest-core-1.3.jar;C:\Users\navya\Desktop\OPTSW\jars\jfreesvg-3.0.jar;C:\Users\navya\Desktop\OPTSW\jars\jlatexmath-1.0.2.jar;C:\Users\navya\Desktop\OPTSW\jars\junit-4.11.jar;C:\Users\navya\Desktop\OPTSW\jars\junit-4.12.jar;C:\Users\navya\Desktop\OPTSW\jars\log4j-1.2.17.jar;C:\Users\navya\Desktop\OPTSW\jars\orsoncharts-1.5.jar;C:\Users\navya\Desktop\OPTSW\jars\orsoncharts-1.5-swing-demo.jar;C:\Users\navya\Desktop\OPTSW\jars\orsonpdf-1.7.jar;C:\Users\navya\Desktop\OPTSW\jars\poi-3.17.jar;C:\Users\navya\Desktop\OPTSW\jars\poi-examples-3.17.jar;C:\Users\navya\Desktop\OPTSW\jars\poi-excelant-3.17.jar;C:\Users\navya\Desktop\OPTSW\jars\poi-ooxml-3.17.jar;C:\Users\navya\Desktop\OPTSW\jars\poi-ooxml-schemas-3.17.jar;C:\Users\navya\Desktop\OPTSW\jars\poi-scratchpad-3.17.jar;C:\Users\navya\Desktop\OPTSW\jars\xmlbeans-2.6.0.jar
Launcher Type: SUN_STANDARD

Environment Variables:
JAVA_HOME=C:\Program Files\Java\jdk1.8.0_144;
JRE_HOME=C:\Program Files\Java\jre1.8.0_144;
PATH=C:/Program Files/Java/jre1.8.0_191/bin/server;C:/Program Files/Java/jre1.8.0_191/bin;C:/Program Files/Java/jre1.8.0_191/lib/amd64;C:\Program Files (x86)\Common Files\Oracle\Java\javapath;C:\ProgramData\Oracle\Java\javapath;C:\WINDOWS\system32;C:\WINDOWS;C:\WINDOWS\System32\Wbem;C:\WINDOWS\System32\WindowsPowerShell\v1.0\;C:\Program Files\Java\jdk1.8.0_144\bin;C:\Program Files\Java\jre1.8.0_144\bin;C:\Program Files (x86)\Microsoft SDKs\TypeScript\1.0\;C:\Program Files (x86)\Skype\Phone\;C:\MinGW\bin;C:\Python27;C:\Python27\Scripts;C:\Program Files\MiKTeX 2.9\miktex\bin\x64\;C:\Program Files\TortoiseSVN\bin;C:\Program Files\Microsoft SQL Server\Client SDK\ODBC\130\Tools\Binn\;C:\Program Files (x86)\Microsoft SQL Server\140\Tools\Binn\;C:\Program Files\Microsoft SQL Server\140\Tools\Binn\;C:\Program Files\Microsoft SQL Server\140\DTS\Binn\;C:\Program Files (x86)\Microsoft SQL Server\Client SDK\ODBC\130\Tools\Binn\;C:\Program Files (x86)\Microsoft SQL Server\140\DTS\Binn\;C:\Program Files (x86)\Microsoft SQL Server\140\Tools\Binn\ManagementStudio\;C:\WINDOWS\System32\OpenSSH\;C:\Program Files\Git\cmd;C:\Program Files (x86)\Common Files\Adobe\AGL;C:\Program Files\Microsoft OLE DB Provider for DB2\System\;C:\Users\navya\AppData\Local\Microsoft\WindowsApps;;E:\eclipse-java-luna\eclipse;
USERNAME=navya
OS=Windows_NT
PROCESSOR_IDENTIFIER=Intel64 Family 6 Model 142 Stepping 9, GenuineIntel



---------------  S Y S T E M  ---------------

OS: Windows 10.0 , 64 bit Build 17134 (10.0.17134.1)

CPU:total 4 (initial active 4) (2 cores per cpu, 2 threads per core) family 6 model 142 stepping 9, cmov, cx8, fxsr, mmx, sse, sse2, sse3, ssse3, sse4.1, sse4.2, popcnt, avx, avx2, aes, clmul, erms, 3dnowpref, lzcnt, ht, tsc, tscinvbit, bmi1, bmi2, adx

Memory: 4k page, physical 8227212k(1376364k free), swap 21334280k(3176k free)

vm_info: Java HotSpot(TM) 64-Bit Server VM (25.191-b12) for windows-amd64 JRE (1.8.0_191-b12), built on Oct  6 2018 09:29:03 by "java_re" with MS VC++ 10.0 (VS2010)

time: Sun Nov 04 15:25:55 2018
elapsed time: 55 seconds (0d 0h 0m 55s)

